2019-12-19 09:40:51: - lr: 0.01
2019-12-19 09:40:51: - steps: 10
2019-12-19 09:40:51: - max_norm: 0.03125
2019-12-19 09:40:51: - data: cifar10
2019-12-19 09:40:51: - model: vgg
2019-12-19 09:40:51: - root: /dvmm-filer2/datasets/CIFAR/
2019-12-19 09:40:51: - model_out: ./checkpoint/cifar10_vgg_adv_sgldm_normal_0.01.pth
2019-12-19 09:40:51: - optim: sgldm
2019-12-19 09:40:51: - noise_std: 0.01
2019-12-19 09:40:51: - resume: False
2019-12-19 09:40:51: - noise_type: normal
2019-12-19 09:40:51: ==> Preparing data..
2019-12-19 09:41:46: - lr: 0.01
2019-12-19 09:41:46: - steps: 10
2019-12-19 09:41:46: - max_norm: 0.03125
2019-12-19 09:41:46: - data: cifar10
2019-12-19 09:41:46: - model: vgg
2019-12-19 09:41:46: - root: /dvmm-filer2/datasets/CIFAR/
2019-12-19 09:41:46: - model_out: ./checkpoint/cifar10_vgg_adv_sgldm_normal_0.01.pth
2019-12-19 09:41:46: - optim: sgldm
2019-12-19 09:41:46: - noise_std: 0.01
2019-12-19 09:41:46: - resume: False
2019-12-19 09:41:46: - noise_type: normal
2019-12-19 09:41:46: ==> Preparing data..
2019-12-19 09:41:57: Epoch: 0
2019-12-19 09:44:59: [TRAIN] Acc: 20.508, Loss: 2.039
2019-12-19 09:45:01: [TEST] Acc: 33.760
2019-12-19 09:45:01: Epoch: 1
2019-12-19 09:48:00: [TRAIN] Acc: 23.672, Loss: 1.898
2019-12-19 09:48:02: [TEST] Acc: 33.000
2019-12-19 09:48:02: Epoch: 2
2019-12-19 09:51:03: [TRAIN] Acc: 24.808, Loss: 2.199
2019-12-19 09:51:05: [TEST] Acc: 38.410
2019-12-19 09:51:05: Epoch: 3
2019-12-19 09:54:02: [TRAIN] Acc: 25.480, Loss: 2.071
2019-12-19 09:54:04: [TEST] Acc: 40.450
2019-12-19 09:54:05: Epoch: 4
2019-12-19 09:57:02: [TRAIN] Acc: 26.044, Loss: 1.781
2019-12-19 09:57:04: [TEST] Acc: 41.010
2019-12-19 09:57:04: Epoch: 5
2019-12-19 10:00:01: [TRAIN] Acc: 26.394, Loss: 2.054
2019-12-19 10:00:03: [TEST] Acc: 43.700
2019-12-19 10:00:04: Epoch: 6
2019-12-19 10:03:00: [TRAIN] Acc: 26.950, Loss: 1.869
2019-12-19 10:03:02: [TEST] Acc: 41.880
2019-12-19 10:03:03: Epoch: 7
2019-12-19 10:06:01: [TRAIN] Acc: 26.778, Loss: 1.946
2019-12-19 10:06:03: [TEST] Acc: 43.820
2019-12-19 10:06:03: Epoch: 8
2019-12-19 10:09:01: [TRAIN] Acc: 27.392, Loss: 1.933
2019-12-19 10:09:03: [TEST] Acc: 44.130
2019-12-19 10:09:04: Epoch: 9
2019-12-19 10:12:04: [TRAIN] Acc: 27.356, Loss: 1.834
2019-12-19 10:12:06: [TEST] Acc: 45.070
2019-12-19 10:12:06: Epoch: 10
2019-12-19 10:15:04: [TRAIN] Acc: 27.834, Loss: 1.966
2019-12-19 10:15:05: [TEST] Acc: 44.060
2019-12-19 10:15:06: Epoch: 11
2019-12-19 10:18:04: [TRAIN] Acc: 28.100, Loss: 1.985
2019-12-19 10:18:06: [TEST] Acc: 44.640
2019-12-19 10:18:06: Epoch: 12
2019-12-19 10:21:05: [TRAIN] Acc: 27.900, Loss: 1.806
2019-12-19 10:21:06: [TEST] Acc: 43.480
2019-12-19 10:21:07: Epoch: 13
2019-12-19 10:24:04: [TRAIN] Acc: 28.052, Loss: 1.793
2019-12-19 10:24:06: [TEST] Acc: 46.530
2019-12-19 10:24:06: Epoch: 14
2019-12-19 10:27:02: [TRAIN] Acc: 28.148, Loss: 1.909
2019-12-19 10:27:04: [TEST] Acc: 44.920
2019-12-19 10:27:04: Epoch: 15
2019-12-19 10:30:00: [TRAIN] Acc: 28.330, Loss: 1.883
2019-12-19 10:30:02: [TEST] Acc: 46.860
2019-12-19 10:30:02: Epoch: 16
2019-12-19 10:32:59: [TRAIN] Acc: 28.558, Loss: 1.707
2019-12-19 10:33:00: [TEST] Acc: 47.440
2019-12-19 10:33:01: Epoch: 17
2019-12-19 10:35:58: [TRAIN] Acc: 28.592, Loss: 1.977
2019-12-19 10:36:00: [TEST] Acc: 45.360
2019-12-19 10:36:00: Epoch: 18
2019-12-19 10:38:59: [TRAIN] Acc: 28.850, Loss: 1.789
2019-12-19 10:39:01: [TEST] Acc: 44.240
2019-12-19 10:39:01: Epoch: 19
2019-12-19 10:42:01: [TRAIN] Acc: 29.250, Loss: 1.758
2019-12-19 10:42:03: [TEST] Acc: 44.880
2019-12-19 10:42:03: Epoch: 20
2019-12-19 10:45:02: [TRAIN] Acc: 29.228, Loss: 2.142
2019-12-19 10:45:04: [TEST] Acc: 47.110
2019-12-19 10:45:04: Epoch: 21
2019-12-19 10:48:01: [TRAIN] Acc: 29.216, Loss: 1.808
2019-12-19 10:48:03: [TEST] Acc: 46.520
2019-12-19 10:48:04: Epoch: 22
2019-12-19 10:51:02: [TRAIN] Acc: 29.264, Loss: 1.755
2019-12-19 10:51:04: [TEST] Acc: 47.360
2019-12-19 10:51:04: Epoch: 23
2019-12-19 10:54:00: [TRAIN] Acc: 29.418, Loss: 1.952
2019-12-19 10:54:02: [TEST] Acc: 46.390
2019-12-19 10:54:02: Epoch: 24
2019-12-19 10:56:59: [TRAIN] Acc: 29.544, Loss: 1.814
2019-12-19 10:57:01: [TEST] Acc: 47.190
2019-12-19 10:57:01: Epoch: 25
2019-12-19 11:00:00: [TRAIN] Acc: 29.536, Loss: 1.785
2019-12-19 11:00:01: [TEST] Acc: 46.740
2019-12-19 11:00:02: Epoch: 26
2019-12-19 11:02:59: [TRAIN] Acc: 29.412, Loss: 1.833
2019-12-19 11:03:01: [TEST] Acc: 48.990
2019-12-19 11:03:01: Epoch: 27
2019-12-19 11:05:57: [TRAIN] Acc: 29.466, Loss: 1.897
2019-12-19 11:05:59: [TEST] Acc: 48.950
2019-12-19 11:06:00: Epoch: 28
2019-12-19 11:08:55: [TRAIN] Acc: 29.884, Loss: 1.714
2019-12-19 11:08:57: [TEST] Acc: 48.500
2019-12-19 11:08:57: Epoch: 29
2019-12-19 11:11:54: [TRAIN] Acc: 29.908, Loss: 2.015
2019-12-19 11:11:55: [TEST] Acc: 47.540
2019-12-19 11:11:56: Epoch: 30
2019-12-19 11:14:52: [TRAIN] Acc: 29.928, Loss: 1.759
2019-12-19 11:14:54: [TEST] Acc: 48.740
2019-12-19 11:14:55: Epoch: 31
2019-12-19 11:17:53: [TRAIN] Acc: 29.786, Loss: 1.816
2019-12-19 11:17:54: [TEST] Acc: 45.610
2019-12-19 11:17:55: Epoch: 32
2019-12-19 11:20:53: [TRAIN] Acc: 30.122, Loss: 1.813
2019-12-19 11:20:55: [TEST] Acc: 49.420
2019-12-19 11:20:55: Epoch: 33
2019-12-19 11:23:50: [TRAIN] Acc: 30.132, Loss: 1.834
2019-12-19 11:23:52: [TEST] Acc: 49.930
2019-12-19 11:23:52: Epoch: 34
2019-12-19 11:26:49: [TRAIN] Acc: 30.118, Loss: 1.787
2019-12-19 11:26:51: [TEST] Acc: 49.910
2019-12-19 11:26:52: Epoch: 35
2019-12-19 11:29:49: [TRAIN] Acc: 30.002, Loss: 1.841
2019-12-19 11:29:51: [TEST] Acc: 48.560
2019-12-19 11:29:51: Epoch: 36
2019-12-19 11:32:49: [TRAIN] Acc: 30.258, Loss: 1.860
2019-12-19 11:32:51: [TEST] Acc: 48.400
2019-12-19 11:32:51: Epoch: 37
2019-12-19 11:35:48: [TRAIN] Acc: 30.424, Loss: 1.817
2019-12-19 11:35:50: [TEST] Acc: 49.370
2019-12-19 11:35:50: Epoch: 38
2019-12-19 11:38:48: [TRAIN] Acc: 30.560, Loss: 1.785
2019-12-19 11:38:50: [TEST] Acc: 47.830
2019-12-19 11:38:50: Epoch: 39
2019-12-19 11:41:49: [TRAIN] Acc: 30.270, Loss: 1.818
2019-12-19 11:41:50: [TEST] Acc: 48.980
2019-12-19 11:41:51: Epoch: 40
2019-12-19 11:44:49: [TRAIN] Acc: 30.406, Loss: 1.982
2019-12-19 11:44:50: [TEST] Acc: 48.730
2019-12-19 11:44:51: Epoch: 41
2019-12-19 11:47:48: [TRAIN] Acc: 30.382, Loss: 1.707
2019-12-19 11:47:50: [TEST] Acc: 48.220
2019-12-19 11:47:50: Epoch: 42
2019-12-19 11:50:47: [TRAIN] Acc: 30.428, Loss: 1.923
2019-12-19 11:50:49: [TEST] Acc: 49.730
2019-12-19 11:50:50: Epoch: 43
2019-12-19 11:53:48: [TRAIN] Acc: 30.494, Loss: 1.865
2019-12-19 11:53:50: [TEST] Acc: 49.640
2019-12-19 11:53:51: Epoch: 44
2019-12-19 11:56:49: [TRAIN] Acc: 30.578, Loss: 1.841
2019-12-19 11:56:51: [TEST] Acc: 49.060
2019-12-19 11:56:52: Epoch: 45
2019-12-19 11:59:50: [TRAIN] Acc: 30.704, Loss: 1.847
2019-12-19 11:59:52: [TEST] Acc: 49.630
2019-12-19 11:59:53: Epoch: 46
2019-12-19 12:02:50: [TRAIN] Acc: 30.594, Loss: 1.618
2019-12-19 12:02:52: [TEST] Acc: 48.920
2019-12-19 12:02:52: Epoch: 47
2019-12-19 12:05:50: [TRAIN] Acc: 30.474, Loss: 1.808
2019-12-19 12:05:52: [TEST] Acc: 50.800
2019-12-19 12:05:52: Epoch: 48
2019-12-19 12:08:50: [TRAIN] Acc: 30.638, Loss: 1.942
2019-12-19 12:08:52: [TEST] Acc: 50.380
2019-12-19 12:08:53: Epoch: 49
2019-12-19 12:11:54: [TRAIN] Acc: 30.936, Loss: 1.650
2019-12-19 12:11:55: [TEST] Acc: 49.420
2019-12-19 12:11:56: Epoch: 50
2019-12-19 12:14:54: [TRAIN] Acc: 31.058, Loss: 1.606
2019-12-19 12:14:56: [TEST] Acc: 49.300
2019-12-19 12:14:56: Epoch: 51
2019-12-19 12:17:54: [TRAIN] Acc: 31.112, Loss: 1.851
2019-12-19 12:17:56: [TEST] Acc: 49.460
2019-12-19 12:17:56: Epoch: 52
2019-12-19 12:20:54: [TRAIN] Acc: 30.942, Loss: 1.787
2019-12-19 12:20:55: [TEST] Acc: 51.140
2019-12-19 12:20:56: Epoch: 53
2019-12-19 12:23:53: [TRAIN] Acc: 31.112, Loss: 1.733
2019-12-19 12:23:55: [TEST] Acc: 51.700
2019-12-19 12:23:55: Epoch: 54
2019-12-19 12:26:53: [TRAIN] Acc: 31.252, Loss: 1.717
2019-12-19 12:26:55: [TEST] Acc: 50.390
2019-12-19 12:26:55: Epoch: 55
2019-12-19 12:29:53: [TRAIN] Acc: 31.256, Loss: 1.732
2019-12-19 12:29:55: [TEST] Acc: 49.380
2019-12-19 12:29:56: Epoch: 56
2019-12-19 12:32:54: [TRAIN] Acc: 31.284, Loss: 1.722
2019-12-19 12:32:55: [TEST] Acc: 52.930
2019-12-19 12:32:56: Epoch: 57
2019-12-19 12:35:55: [TRAIN] Acc: 31.160, Loss: 1.771
2019-12-19 12:35:57: [TEST] Acc: 51.290
2019-12-19 12:35:57: Epoch: 58
2019-12-19 12:38:55: [TRAIN] Acc: 31.560, Loss: 1.858
2019-12-19 12:38:57: [TEST] Acc: 50.700
2019-12-19 12:38:57: Epoch: 59
2019-12-19 12:41:53: [TRAIN] Acc: 31.506, Loss: 1.855
2019-12-19 12:41:55: [TEST] Acc: 52.620
2019-12-19 12:41:55: Epoch: 60
2019-12-19 12:44:52: [TRAIN] Acc: 31.354, Loss: 1.824
2019-12-19 12:44:54: [TEST] Acc: 50.230
2019-12-19 12:44:55: Epoch: 61
2019-12-19 12:47:53: [TRAIN] Acc: 31.548, Loss: 1.732
2019-12-19 12:47:55: [TEST] Acc: 51.900
2019-12-19 12:47:56: Epoch: 62
2019-12-19 12:50:52: [TRAIN] Acc: 31.560, Loss: 1.791
2019-12-19 12:50:53: [TEST] Acc: 51.810
2019-12-19 12:50:54: Epoch: 63
2019-12-19 12:53:51: [TRAIN] Acc: 31.544, Loss: 1.748
2019-12-19 12:53:53: [TEST] Acc: 51.400
2019-12-19 12:53:53: Epoch: 64
2019-12-19 12:56:51: [TRAIN] Acc: 31.862, Loss: 1.741
2019-12-19 12:56:53: [TEST] Acc: 51.810
2019-12-19 12:56:53: Epoch: 65
2019-12-19 12:59:49: [TRAIN] Acc: 31.588, Loss: 1.702
2019-12-19 12:59:51: [TEST] Acc: 52.370
2019-12-19 12:59:51: Epoch: 66
2019-12-19 13:02:49: [TRAIN] Acc: 32.070, Loss: 1.734
2019-12-19 13:02:51: [TEST] Acc: 50.990
2019-12-19 13:02:51: Epoch: 67
2019-12-19 13:05:50: [TRAIN] Acc: 31.972, Loss: 1.720
2019-12-19 13:05:51: [TEST] Acc: 51.460
2019-12-19 13:05:52: Epoch: 68
2019-12-19 13:08:49: [TRAIN] Acc: 31.986, Loss: 1.929
2019-12-19 13:08:51: [TEST] Acc: 53.670
2019-12-19 13:08:51: Epoch: 69
2019-12-19 13:11:48: [TRAIN] Acc: 31.946, Loss: 1.813
2019-12-19 13:11:50: [TEST] Acc: 52.160
2019-12-19 13:11:51: Epoch: 70
2019-12-19 13:14:48: [TRAIN] Acc: 31.886, Loss: 1.852
2019-12-19 13:14:50: [TEST] Acc: 52.950
2019-12-19 13:14:51: Epoch: 71
2019-12-19 13:17:50: [TRAIN] Acc: 32.124, Loss: 1.998
2019-12-19 13:17:52: [TEST] Acc: 51.960
2019-12-19 13:17:52: Epoch: 72
2019-12-19 13:20:49: [TRAIN] Acc: 32.126, Loss: 1.741
2019-12-19 13:20:51: [TEST] Acc: 52.360
2019-12-19 13:20:51: Epoch: 73
2019-12-19 13:23:49: [TRAIN] Acc: 32.048, Loss: 1.715
2019-12-19 13:23:50: [TEST] Acc: 52.110
2019-12-19 13:23:51: Epoch: 74
2019-12-19 13:26:47: [TRAIN] Acc: 32.064, Loss: 1.833
2019-12-19 13:26:49: [TEST] Acc: 53.680
2019-12-19 13:26:49: Epoch: 75
2019-12-19 13:29:47: [TRAIN] Acc: 32.118, Loss: 1.809
2019-12-19 13:29:49: [TEST] Acc: 51.540
2019-12-19 13:29:49: Epoch: 76
2019-12-19 13:32:47: [TRAIN] Acc: 31.978, Loss: 1.939
2019-12-19 13:32:49: [TEST] Acc: 52.860
2019-12-19 13:32:49: Epoch: 77
2019-12-19 13:35:48: [TRAIN] Acc: 32.258, Loss: 1.663
2019-12-19 13:35:50: [TEST] Acc: 52.410
2019-12-19 13:35:50: Epoch: 78
2019-12-19 13:38:46: [TRAIN] Acc: 32.448, Loss: 1.784
2019-12-19 13:38:48: [TEST] Acc: 52.560
2019-12-19 13:38:48: Epoch: 79
2019-12-19 13:41:45: [TRAIN] Acc: 32.534, Loss: 1.750
2019-12-19 13:41:47: [TEST] Acc: 53.730
2019-12-19 13:41:48: Epoch: 80
2019-12-19 13:44:46: [TRAIN] Acc: 32.648, Loss: 1.684
2019-12-19 13:44:48: [TEST] Acc: 54.600
2019-12-19 13:44:48: Epoch: 81
2019-12-19 13:47:45: [TRAIN] Acc: 32.684, Loss: 1.853
2019-12-19 13:47:47: [TEST] Acc: 52.810
2019-12-19 13:47:47: Epoch: 82
2019-12-19 13:50:45: [TRAIN] Acc: 32.540, Loss: 1.718
2019-12-19 13:50:47: [TEST] Acc: 53.990
2019-12-19 13:50:47: Epoch: 83
2019-12-19 13:53:45: [TRAIN] Acc: 32.642, Loss: 1.668
2019-12-19 13:53:46: [TEST] Acc: 54.060
2019-12-19 13:53:47: Epoch: 84
2019-12-19 13:56:44: [TRAIN] Acc: 32.906, Loss: 1.825
2019-12-19 13:56:46: [TEST] Acc: 54.000
2019-12-19 13:56:47: Epoch: 85
2019-12-19 13:59:44: [TRAIN] Acc: 32.712, Loss: 1.858
2019-12-19 13:59:46: [TEST] Acc: 54.670
2019-12-19 13:59:46: Epoch: 86
2019-12-19 14:02:44: [TRAIN] Acc: 32.776, Loss: 1.781
2019-12-19 14:02:46: [TEST] Acc: 53.590
2019-12-19 14:02:46: Epoch: 87
2019-12-19 14:05:42: [TRAIN] Acc: 32.688, Loss: 1.679
2019-12-19 14:05:44: [TEST] Acc: 52.740
2019-12-19 14:05:44: Epoch: 88
2019-12-19 14:08:40: [TRAIN] Acc: 32.870, Loss: 1.795
2019-12-19 14:08:42: [TEST] Acc: 53.960
2019-12-19 14:08:42: Epoch: 89
2019-12-19 14:11:39: [TRAIN] Acc: 32.844, Loss: 1.774
2019-12-19 14:11:41: [TEST] Acc: 54.900
2019-12-19 14:11:41: Epoch: 90
2019-12-19 14:14:37: [TRAIN] Acc: 32.624, Loss: 1.782
2019-12-19 14:14:39: [TEST] Acc: 53.980
2019-12-19 14:14:39: Epoch: 91
2019-12-19 14:17:35: [TRAIN] Acc: 32.990, Loss: 1.788
2019-12-19 14:17:37: [TEST] Acc: 54.030
2019-12-19 14:17:38: Epoch: 92
2019-12-19 14:20:32: [TRAIN] Acc: 32.996, Loss: 1.854
2019-12-19 14:20:34: [TEST] Acc: 53.520
2019-12-19 14:20:34: Epoch: 93
2019-12-19 14:23:30: [TRAIN] Acc: 33.032, Loss: 1.725
2019-12-19 14:23:32: [TEST] Acc: 54.020
2019-12-19 14:23:32: Epoch: 94
2019-12-19 14:26:28: [TRAIN] Acc: 32.984, Loss: 1.791
2019-12-19 14:26:29: [TEST] Acc: 53.360
2019-12-19 14:26:30: Epoch: 95
2019-12-19 14:29:25: [TRAIN] Acc: 32.992, Loss: 1.764
2019-12-19 14:29:27: [TEST] Acc: 54.120
2019-12-19 14:29:28: Epoch: 96
2019-12-19 14:32:24: [TRAIN] Acc: 32.940, Loss: 1.959
2019-12-19 14:32:26: [TEST] Acc: 54.460
2019-12-19 14:32:27: Epoch: 97
2019-12-19 14:35:23: [TRAIN] Acc: 33.092, Loss: 1.851
2019-12-19 14:35:25: [TEST] Acc: 54.310
2019-12-19 14:35:25: Epoch: 98
2019-12-19 14:38:21: [TRAIN] Acc: 32.772, Loss: 1.702
2019-12-19 14:38:23: [TEST] Acc: 54.040
2019-12-19 14:38:24: Epoch: 99
2019-12-19 14:41:19: [TRAIN] Acc: 33.118, Loss: 1.848
2019-12-19 14:41:21: [TEST] Acc: 54.050
2019-12-19 14:41:22: Epoch: 100
2019-12-19 14:44:18: [TRAIN] Acc: 32.996, Loss: 1.922
2019-12-19 14:44:20: [TEST] Acc: 54.400
2019-12-19 14:44:21: Epoch: 101
2019-12-19 14:47:17: [TRAIN] Acc: 33.100, Loss: 1.793
2019-12-19 14:47:19: [TEST] Acc: 54.260
2019-12-19 14:47:19: Epoch: 102
2019-12-19 14:50:16: [TRAIN] Acc: 32.828, Loss: 1.626
2019-12-19 14:50:17: [TEST] Acc: 54.260
2019-12-19 14:50:18: Epoch: 103
2019-12-19 14:53:13: [TRAIN] Acc: 33.048, Loss: 1.693
2019-12-19 14:53:15: [TEST] Acc: 54.490
2019-12-19 14:53:16: Epoch: 104
2019-12-19 14:56:12: [TRAIN] Acc: 33.050, Loss: 1.783
2019-12-19 14:56:14: [TEST] Acc: 54.570
2019-12-19 14:56:14: Epoch: 105
2019-12-19 14:59:09: [TRAIN] Acc: 33.004, Loss: 1.861
2019-12-19 14:59:11: [TEST] Acc: 54.190
2019-12-19 14:59:11: Epoch: 106
2019-12-19 15:02:07: [TRAIN] Acc: 33.090, Loss: 1.647
2019-12-19 15:02:09: [TEST] Acc: 54.280
2019-12-19 15:02:10: Epoch: 107
2019-12-19 15:05:07: [TRAIN] Acc: 33.306, Loss: 1.713
2019-12-19 15:05:09: [TEST] Acc: 54.110
2019-12-19 15:05:09: Epoch: 108
2019-12-19 15:08:06: [TRAIN] Acc: 33.146, Loss: 1.933
2019-12-19 15:08:08: [TEST] Acc: 54.420
2019-12-19 15:08:09: Epoch: 109
2019-12-19 15:11:05: [TRAIN] Acc: 33.244, Loss: 1.770
2019-12-19 15:11:07: [TEST] Acc: 54.100
2019-12-19 15:11:08: Epoch: 110
2019-12-19 15:14:03: [TRAIN] Acc: 33.172, Loss: 1.855
2019-12-19 15:14:05: [TEST] Acc: 53.930
2019-12-19 15:14:06: Epoch: 111
2019-12-19 15:17:03: [TRAIN] Acc: 33.122, Loss: 1.777
2019-12-19 15:17:05: [TEST] Acc: 54.410
2019-12-19 15:17:05: Epoch: 112
2019-12-19 15:20:01: [TRAIN] Acc: 33.114, Loss: 1.878
2019-12-19 15:20:03: [TEST] Acc: 55.070
2019-12-19 15:20:03: Epoch: 113
2019-12-19 15:22:59: [TRAIN] Acc: 33.176, Loss: 1.841
2019-12-19 15:23:01: [TEST] Acc: 54.080
2019-12-19 15:23:02: Epoch: 114
2019-12-19 15:25:58: [TRAIN] Acc: 33.162, Loss: 1.809
2019-12-19 15:26:00: [TEST] Acc: 54.110
2019-12-19 15:26:01: Epoch: 115
2019-12-19 15:28:59: [TRAIN] Acc: 33.246, Loss: 1.841
2019-12-19 15:29:01: [TEST] Acc: 54.370
2019-12-19 15:29:01: Epoch: 116
2019-12-19 15:31:58: [TRAIN] Acc: 33.164, Loss: 1.776
2019-12-19 15:32:00: [TEST] Acc: 54.470
2019-12-19 15:32:01: Epoch: 117
2019-12-19 15:34:57: [TRAIN] Acc: 33.202, Loss: 1.681
2019-12-19 15:34:59: [TEST] Acc: 52.980
2019-12-19 15:35:00: Epoch: 118
2019-12-19 15:37:40: [TRAIN] Acc: 33.164, Loss: 1.765
2019-12-19 15:37:41: [TEST] Acc: 54.100
2019-12-19 15:37:41: Epoch: 119
2019-12-19 15:40:07: [TRAIN] Acc: 33.492, Loss: 1.675
2019-12-19 15:40:09: [TEST] Acc: 54.230
2019-12-19 15:40:09: Epoch: 120
2019-12-19 15:42:35: [TRAIN] Acc: 33.024, Loss: 1.861
2019-12-19 15:42:36: [TEST] Acc: 53.910
2019-12-19 15:42:37: Epoch: 121
2019-12-19 15:45:02: [TRAIN] Acc: 33.112, Loss: 1.821
2019-12-19 15:45:04: [TEST] Acc: 53.690
2019-12-19 15:45:04: Epoch: 122
2019-12-19 15:47:30: [TRAIN] Acc: 33.200, Loss: 1.663
2019-12-19 15:47:31: [TEST] Acc: 53.610
2019-12-19 15:47:32: Epoch: 123
2019-12-19 15:49:57: [TRAIN] Acc: 33.072, Loss: 1.858
2019-12-19 15:49:59: [TEST] Acc: 52.870
2019-12-19 15:49:59: Epoch: 124
2019-12-19 15:52:25: [TRAIN] Acc: 33.206, Loss: 1.813
2019-12-19 15:52:26: [TEST] Acc: 54.460
2019-12-19 15:52:27: Epoch: 125
2019-12-19 15:54:54: [TRAIN] Acc: 33.268, Loss: 1.773
2019-12-19 15:54:56: [TEST] Acc: 53.190
2019-12-19 15:54:57: Epoch: 126
2019-12-19 15:57:50: [TRAIN] Acc: 33.074, Loss: 1.896
2019-12-19 15:57:52: [TEST] Acc: 54.490
2019-12-19 15:57:52: Epoch: 127
2019-12-19 16:00:47: [TRAIN] Acc: 33.120, Loss: 1.934
2019-12-19 16:00:49: [TEST] Acc: 53.840
2019-12-19 16:00:49: Epoch: 128
2019-12-19 16:03:41: [TRAIN] Acc: 33.172, Loss: 1.668
2019-12-19 16:03:43: [TEST] Acc: 53.730
2019-12-19 16:03:44: Epoch: 129
2019-12-19 16:06:38: [TRAIN] Acc: 33.256, Loss: 1.645
2019-12-19 16:06:40: [TEST] Acc: 54.270
2019-12-19 16:06:40: Epoch: 130
2019-12-19 16:09:34: [TRAIN] Acc: 32.980, Loss: 1.736
2019-12-19 16:09:36: [TEST] Acc: 54.170
2019-12-19 16:09:36: Epoch: 131
2019-12-19 16:12:31: [TRAIN] Acc: 33.282, Loss: 2.009
2019-12-19 16:12:32: [TEST] Acc: 54.580
2019-12-19 16:12:33: Epoch: 132
2019-12-19 16:15:27: [TRAIN] Acc: 33.254, Loss: 1.806
2019-12-19 16:15:29: [TEST] Acc: 54.250
2019-12-19 16:15:30: Epoch: 133
2019-12-19 16:18:23: [TRAIN] Acc: 33.328, Loss: 1.947
2019-12-19 16:18:25: [TEST] Acc: 54.800
2019-12-19 16:18:26: Epoch: 134
2019-12-19 16:21:18: [TRAIN] Acc: 33.160, Loss: 1.900
2019-12-19 16:21:20: [TEST] Acc: 54.100
2019-12-19 16:21:20: Epoch: 135
2019-12-19 16:24:12: [TRAIN] Acc: 33.074, Loss: 1.580
2019-12-19 16:24:14: [TEST] Acc: 54.570
2019-12-19 16:24:15: Epoch: 136
2019-12-19 16:27:06: [TRAIN] Acc: 33.130, Loss: 1.942
2019-12-19 16:27:08: [TEST] Acc: 53.470
2019-12-19 16:27:08: Epoch: 137
2019-12-19 16:30:20: [TRAIN] Acc: 33.292, Loss: 1.592
2019-12-19 16:30:22: [TEST] Acc: 53.570
2019-12-19 16:30:23: Epoch: 138
2019-12-19 16:33:40: [TRAIN] Acc: 33.214, Loss: 1.840
2019-12-19 16:33:42: [TEST] Acc: 54.250
2019-12-19 16:33:43: Epoch: 139
2019-12-19 16:36:56: [TRAIN] Acc: 33.240, Loss: 1.612
2019-12-19 16:36:58: [TEST] Acc: 53.820
2019-12-19 16:37:00: Epoch: 140
2019-12-19 16:40:16: [TRAIN] Acc: 33.224, Loss: 1.648
2019-12-19 16:40:18: [TEST] Acc: 54.240
2019-12-19 16:40:19: Epoch: 141
2019-12-19 16:43:35: [TRAIN] Acc: 33.114, Loss: 1.695
2019-12-19 16:43:37: [TEST] Acc: 54.270
2019-12-19 16:43:37: Epoch: 142
2019-12-19 16:46:53: [TRAIN] Acc: 33.338, Loss: 1.787
2019-12-19 16:46:55: [TEST] Acc: 54.010
2019-12-19 16:46:56: Epoch: 143
2019-12-19 16:50:11: [TRAIN] Acc: 33.394, Loss: 1.591
2019-12-19 16:50:13: [TEST] Acc: 54.320
2019-12-19 16:50:14: Epoch: 144
2019-12-19 16:53:29: [TRAIN] Acc: 33.318, Loss: 1.760
2019-12-19 16:53:31: [TEST] Acc: 54.080
2019-12-19 16:53:32: Epoch: 145
2019-12-19 16:56:46: [TRAIN] Acc: 33.534, Loss: 1.749
2019-12-19 16:56:49: [TEST] Acc: 54.360
2019-12-19 16:56:49: Epoch: 146
2019-12-19 17:00:06: [TRAIN] Acc: 33.522, Loss: 1.762
2019-12-19 17:00:09: [TEST] Acc: 54.490
2019-12-19 17:00:09: Epoch: 147
