2019-12-19 17:31:50: - lr: 0.01
2019-12-19 17:31:50: - steps: 10
2019-12-19 17:31:50: - max_norm: 0.03125
2019-12-19 17:31:50: - data: cifar10
2019-12-19 17:31:50: - model: vgg
2019-12-19 17:31:50: - root: /dvmm-filer2/datasets/CIFAR/
2019-12-19 17:31:50: - model_out: ./checkpoint/cifar10_vgg_adv_sgldm_normal_0.0001.pth
2019-12-19 17:31:50: - optim: sgldm
2019-12-19 17:31:50: - noise_std: 0.0001
2019-12-19 17:31:50: - resume: False
2019-12-19 17:31:50: - noise_type: normal
2019-12-19 17:31:50: ==> Preparing data..
2019-12-19 17:32:01: Epoch: 0
2019-12-19 17:35:13: [TRAIN] Acc: 22.210, Loss: 2.106
2019-12-19 17:35:15: [TEST] Acc: 39.190
2019-12-19 17:35:15: Epoch: 1
2019-12-19 17:38:24: [TRAIN] Acc: 27.316, Loss: 1.923
2019-12-19 17:38:27: [TEST] Acc: 45.950
2019-12-19 17:38:28: Epoch: 2
2019-12-19 17:41:49: [TRAIN] Acc: 29.892, Loss: 1.886
2019-12-19 17:42:07: [TEST] Acc: 46.470
2019-12-19 17:42:08: Epoch: 3
2019-12-19 17:46:14: [TRAIN] Acc: 32.130, Loss: 1.910
2019-12-19 17:46:16: [TEST] Acc: 50.140
2019-12-19 17:46:17: Epoch: 4
2019-12-19 17:50:30: [TRAIN] Acc: 33.706, Loss: 1.700
2019-12-19 17:50:32: [TEST] Acc: 55.730
2019-12-19 17:50:33: Epoch: 5
2019-12-19 17:54:46: [TRAIN] Acc: 35.362, Loss: 1.776
2019-12-19 17:54:49: [TEST] Acc: 57.460
2019-12-19 17:54:49: Epoch: 6
2019-12-19 17:58:56: [TRAIN] Acc: 36.546, Loss: 1.503
2019-12-19 17:58:59: [TEST] Acc: 56.840
2019-12-19 17:59:00: Epoch: 7
2019-12-19 18:03:11: [TRAIN] Acc: 37.560, Loss: 1.547
2019-12-19 18:03:13: [TEST] Acc: 61.550
2019-12-19 18:03:14: Epoch: 8
2019-12-19 18:07:30: [TRAIN] Acc: 38.540, Loss: 1.563
2019-12-19 18:07:32: [TEST] Acc: 60.880
2019-12-19 18:07:32: Epoch: 9
2019-12-19 18:11:45: [TRAIN] Acc: 39.644, Loss: 1.423
2019-12-19 18:11:47: [TEST] Acc: 65.430
2019-12-19 18:11:48: Epoch: 10
2019-12-19 18:16:01: [TRAIN] Acc: 40.400, Loss: 1.652
2019-12-19 18:16:05: [TEST] Acc: 63.450
2019-12-19 18:16:06: Epoch: 11
2019-12-19 18:20:28: [TRAIN] Acc: 40.942, Loss: 1.497
2019-12-19 18:20:30: [TEST] Acc: 65.330
2019-12-19 18:20:31: Epoch: 12
2019-12-19 18:24:48: [TRAIN] Acc: 41.750, Loss: 1.665
2019-12-19 18:24:51: [TEST] Acc: 66.150
2019-12-19 18:24:51: Epoch: 13
2019-12-19 18:29:02: [TRAIN] Acc: 42.460, Loss: 1.410
2019-12-19 18:29:05: [TEST] Acc: 67.790
2019-12-19 18:29:05: Epoch: 14
2019-12-19 18:33:21: [TRAIN] Acc: 43.158, Loss: 1.533
2019-12-19 18:33:25: [TEST] Acc: 68.090
2019-12-19 18:33:25: Epoch: 15
2019-12-19 18:37:49: [TRAIN] Acc: 43.796, Loss: 1.324
2019-12-19 18:37:51: [TEST] Acc: 66.730
2019-12-19 18:37:51: Epoch: 16
2019-12-19 18:42:07: [TRAIN] Acc: 44.154, Loss: 1.551
2019-12-19 18:42:10: [TEST] Acc: 67.760
2019-12-19 18:42:11: Epoch: 17
2019-12-19 18:46:21: [TRAIN] Acc: 44.940, Loss: 1.473
2019-12-19 18:46:23: [TEST] Acc: 67.840
2019-12-19 18:46:24: Epoch: 18
2019-12-19 18:50:31: [TRAIN] Acc: 45.316, Loss: 1.473
2019-12-19 18:50:33: [TEST] Acc: 69.470
2019-12-19 18:50:34: Epoch: 19
2019-12-19 18:54:40: [TRAIN] Acc: 45.700, Loss: 1.652
2019-12-19 18:54:43: [TEST] Acc: 69.030
2019-12-19 18:54:44: Epoch: 20
2019-12-19 18:58:52: [TRAIN] Acc: 46.354, Loss: 1.507
2019-12-19 18:58:55: [TEST] Acc: 71.060
2019-12-19 18:58:55: Epoch: 21
2019-12-19 19:02:52: [TRAIN] Acc: 46.638, Loss: 1.333
2019-12-19 19:02:56: [TEST] Acc: 69.800
2019-12-19 19:02:56: Epoch: 22
2019-12-19 19:07:08: [TRAIN] Acc: 46.916, Loss: 1.294
2019-12-19 19:07:10: [TEST] Acc: 70.130
2019-12-19 19:07:11: Epoch: 23
2019-12-19 19:11:22: [TRAIN] Acc: 47.222, Loss: 1.532
2019-12-19 19:11:25: [TEST] Acc: 70.320
2019-12-19 19:11:25: Epoch: 24
2019-12-19 19:15:36: [TRAIN] Acc: 47.500, Loss: 1.235
2019-12-19 19:15:38: [TEST] Acc: 71.840
2019-12-19 19:15:38: Epoch: 25
2019-12-19 19:19:42: [TRAIN] Acc: 48.118, Loss: 1.343
2019-12-19 19:19:44: [TEST] Acc: 70.420
2019-12-19 19:19:45: Epoch: 26
2019-12-19 19:23:56: [TRAIN] Acc: 48.546, Loss: 1.350
2019-12-19 19:23:59: [TEST] Acc: 71.390
2019-12-19 19:23:59: Epoch: 27
2019-12-19 19:28:08: [TRAIN] Acc: 48.836, Loss: 1.404
2019-12-19 19:28:10: [TEST] Acc: 72.140
2019-12-19 19:28:11: Epoch: 28
2019-12-19 19:32:16: [TRAIN] Acc: 48.982, Loss: 1.443
2019-12-19 19:32:18: [TEST] Acc: 72.700
2019-12-19 19:32:18: Epoch: 29
2019-12-19 19:36:31: [TRAIN] Acc: 49.578, Loss: 1.255
2019-12-19 19:36:34: [TEST] Acc: 73.320
2019-12-19 19:36:35: Epoch: 30
2019-12-19 19:40:45: [TRAIN] Acc: 49.794, Loss: 1.380
2019-12-19 19:40:47: [TEST] Acc: 72.410
2019-12-19 19:40:48: Epoch: 31
2019-12-19 19:44:49: [TRAIN] Acc: 50.022, Loss: 1.445
2019-12-19 19:44:52: [TEST] Acc: 72.530
2019-12-19 19:44:53: Epoch: 32
2019-12-19 19:49:05: [TRAIN] Acc: 50.324, Loss: 1.218
2019-12-19 19:49:08: [TEST] Acc: 72.750
2019-12-19 19:49:08: Epoch: 33
2019-12-19 19:53:26: [TRAIN] Acc: 50.768, Loss: 1.256
2019-12-19 19:53:30: [TEST] Acc: 72.800
2019-12-19 19:53:30: Epoch: 34
2019-12-19 19:57:52: [TRAIN] Acc: 50.800, Loss: 1.222
2019-12-19 19:57:55: [TEST] Acc: 75.260
2019-12-19 19:57:56: Epoch: 35
2019-12-19 20:02:07: [TRAIN] Acc: 51.178, Loss: 1.361
2019-12-19 20:02:11: [TEST] Acc: 72.780
2019-12-19 20:02:12: Epoch: 36
2019-12-19 20:06:08: [TRAIN] Acc: 51.538, Loss: 1.170
2019-12-19 20:06:11: [TEST] Acc: 75.040
2019-12-19 20:06:12: Epoch: 37
2019-12-19 20:10:00: [TRAIN] Acc: 51.668, Loss: 1.246
2019-12-19 20:10:02: [TEST] Acc: 75.680
2019-12-19 20:10:02: Epoch: 38
2019-12-19 20:13:39: [TRAIN] Acc: 51.856, Loss: 1.326
2019-12-19 20:13:43: [TEST] Acc: 74.420
2019-12-19 20:13:43: Epoch: 39
2019-12-19 20:17:12: [TRAIN] Acc: 52.246, Loss: 1.299
2019-12-19 20:17:16: [TEST] Acc: 74.760
2019-12-19 20:17:16: Epoch: 40
2019-12-19 20:20:46: [TRAIN] Acc: 52.792, Loss: 1.373
2019-12-19 20:20:49: [TEST] Acc: 76.040
2019-12-19 20:20:50: Epoch: 41
2019-12-19 20:24:15: [TRAIN] Acc: 52.906, Loss: 1.115
2019-12-19 20:24:17: [TEST] Acc: 75.320
2019-12-19 20:24:18: Epoch: 42
