2019-12-19 09:18:43: - lr: 0.01
2019-12-19 09:18:43: - steps: 10
2019-12-19 09:18:43: - max_norm: 0.03125
2019-12-19 09:18:43: - data: cifar10
2019-12-19 09:18:43: - model: vgg
2019-12-19 09:18:43: - root: /dvmm-filer2/datasets/CIFAR/
2019-12-19 09:18:43: - model_out: ./checkpoint/cifar10_vgg_adv_sgldm_0.001.pth
2019-12-19 09:18:43: - optim: sgldm
2019-12-19 09:18:43: - noise_std: 0.001
2019-12-19 09:18:43: - resume: False
2019-12-19 09:18:43: ==> Preparing data..
2019-12-19 09:18:52: Epoch: 0
2019-12-19 09:20:18: [TRAIN] Acc: 21.536, Loss: 1.893
2019-12-19 09:20:19: [TEST] Acc: 38.720
2019-12-19 09:20:19: Epoch: 1
2019-12-19 09:21:45: [TRAIN] Acc: 26.292, Loss: 1.735
2019-12-19 09:21:46: [TEST] Acc: 44.610
2019-12-19 09:21:46: Epoch: 2
2019-12-19 09:23:11: [TRAIN] Acc: 28.936, Loss: 1.992
2019-12-19 09:23:12: [TEST] Acc: 44.850
2019-12-19 09:23:13: Epoch: 3
2019-12-19 09:24:38: [TRAIN] Acc: 31.234, Loss: 1.837
2019-12-19 09:24:39: [TEST] Acc: 51.540
2019-12-19 09:24:40: Epoch: 4
2019-12-19 09:26:05: [TRAIN] Acc: 32.772, Loss: 1.818
2019-12-19 09:26:07: [TEST] Acc: 50.660
2019-12-19 09:26:07: Epoch: 5
2019-12-19 09:27:33: [TRAIN] Acc: 34.494, Loss: 1.744
2019-12-19 09:27:34: [TEST] Acc: 53.280
2019-12-19 09:27:34: Epoch: 6
2019-12-19 09:29:00: [TRAIN] Acc: 35.452, Loss: 1.673
2019-12-19 09:29:01: [TEST] Acc: 55.620
2019-12-19 09:29:01: Epoch: 7
2019-12-19 09:30:33: [TRAIN] Acc: 36.582, Loss: 1.775
2019-12-19 09:30:34: [TEST] Acc: 58.500
2019-12-19 09:30:34: Epoch: 8
2019-12-19 09:32:13: [TRAIN] Acc: 37.622, Loss: 1.472
2019-12-19 09:32:15: [TEST] Acc: 59.010
2019-12-19 09:32:15: Epoch: 9
2019-12-19 09:33:51: [TRAIN] Acc: 38.284, Loss: 1.586
2019-12-19 09:33:52: [TEST] Acc: 60.470
2019-12-19 09:33:53: Epoch: 10
2019-12-19 09:35:27: [TRAIN] Acc: 39.410, Loss: 1.512
2019-12-19 09:35:28: [TEST] Acc: 63.170
2019-12-19 09:35:28: Epoch: 11
2019-12-19 09:37:02: [TRAIN] Acc: 40.094, Loss: 1.625
2019-12-19 09:37:04: [TEST] Acc: 62.910
2019-12-19 09:37:04: Epoch: 12
2019-12-19 09:38:39: [TRAIN] Acc: 40.876, Loss: 1.465
2019-12-19 09:38:41: [TEST] Acc: 65.830
2019-12-19 09:38:41: Epoch: 13
2019-12-19 09:40:21: [TRAIN] Acc: 41.492, Loss: 1.701
2019-12-19 09:40:22: [TEST] Acc: 65.690
2019-12-19 09:40:22: Epoch: 14
2019-12-19 09:42:00: [TRAIN] Acc: 42.176, Loss: 1.478
2019-12-19 09:42:02: [TEST] Acc: 65.670
2019-12-19 09:42:02: Epoch: 15
2019-12-19 09:43:41: [TRAIN] Acc: 42.438, Loss: 1.685
2019-12-19 09:43:42: [TEST] Acc: 65.300
2019-12-19 09:43:43: Epoch: 16
2019-12-19 09:45:22: [TRAIN] Acc: 43.252, Loss: 1.579
2019-12-19 09:45:24: [TEST] Acc: 68.340
2019-12-19 09:45:24: Epoch: 17
2019-12-19 09:47:04: [TRAIN] Acc: 43.548, Loss: 1.464
2019-12-19 09:47:05: [TEST] Acc: 68.520
2019-12-19 09:47:05: Epoch: 18
2019-12-19 09:48:45: [TRAIN] Acc: 43.958, Loss: 1.378
2019-12-19 09:48:46: [TEST] Acc: 67.300
2019-12-19 09:48:46: Epoch: 19
2019-12-19 09:50:25: [TRAIN] Acc: 44.604, Loss: 1.502
2019-12-19 09:50:27: [TEST] Acc: 68.400
2019-12-19 09:50:27: Epoch: 20
2019-12-19 09:52:03: [TRAIN] Acc: 45.124, Loss: 1.538
2019-12-19 09:52:05: [TEST] Acc: 66.660
2019-12-19 09:52:05: Epoch: 21
2019-12-19 09:53:43: [TRAIN] Acc: 45.320, Loss: 1.357
2019-12-19 09:53:44: [TEST] Acc: 68.220
2019-12-19 09:53:44: Epoch: 22
2019-12-19 09:55:23: [TRAIN] Acc: 45.874, Loss: 1.502
2019-12-19 09:55:24: [TEST] Acc: 66.660
2019-12-19 09:55:24: Epoch: 23
2019-12-19 09:57:02: [TRAIN] Acc: 46.062, Loss: 1.679
2019-12-19 09:57:04: [TEST] Acc: 70.330
2019-12-19 09:57:04: Epoch: 24
2019-12-19 09:58:43: [TRAIN] Acc: 46.366, Loss: 1.483
2019-12-19 09:58:45: [TEST] Acc: 71.160
2019-12-19 09:58:45: Epoch: 25
2019-12-19 10:00:24: [TRAIN] Acc: 46.758, Loss: 1.250
2019-12-19 10:00:26: [TEST] Acc: 70.290
2019-12-19 10:00:26: Epoch: 26
2019-12-19 10:02:05: [TRAIN] Acc: 47.302, Loss: 1.347
2019-12-19 10:02:06: [TEST] Acc: 71.020
2019-12-19 10:02:06: Epoch: 27
2019-12-19 10:03:45: [TRAIN] Acc: 47.514, Loss: 1.317
2019-12-19 10:03:47: [TEST] Acc: 72.020
2019-12-19 10:03:47: Epoch: 28
2019-12-19 10:05:25: [TRAIN] Acc: 47.816, Loss: 1.333
2019-12-19 10:05:26: [TEST] Acc: 70.770
2019-12-19 10:05:27: Epoch: 29
2019-12-19 10:07:05: [TRAIN] Acc: 48.486, Loss: 1.361
2019-12-19 10:07:06: [TEST] Acc: 71.820
2019-12-19 10:07:07: Epoch: 30
2019-12-19 10:08:45: [TRAIN] Acc: 48.416, Loss: 1.141
2019-12-19 10:08:47: [TEST] Acc: 72.510
2019-12-19 10:08:47: Epoch: 31
2019-12-19 10:10:26: [TRAIN] Acc: 48.828, Loss: 1.346
2019-12-19 10:10:28: [TEST] Acc: 71.920
2019-12-19 10:10:28: Epoch: 32
2019-12-19 10:12:06: [TRAIN] Acc: 49.112, Loss: 1.433
2019-12-19 10:12:07: [TEST] Acc: 73.270
2019-12-19 10:12:07: Epoch: 33
2019-12-19 10:13:46: [TRAIN] Acc: 49.362, Loss: 1.248
2019-12-19 10:13:47: [TEST] Acc: 72.910
2019-12-19 10:13:47: Epoch: 34
2019-12-19 10:15:26: [TRAIN] Acc: 49.452, Loss: 1.301
2019-12-19 10:15:27: [TEST] Acc: 71.930
2019-12-19 10:15:27: Epoch: 35
2019-12-19 10:17:05: [TRAIN] Acc: 49.660, Loss: 1.399
2019-12-19 10:17:06: [TEST] Acc: 72.030
2019-12-19 10:17:07: Epoch: 36
2019-12-19 10:18:45: [TRAIN] Acc: 50.068, Loss: 1.443
2019-12-19 10:18:46: [TEST] Acc: 73.590
2019-12-19 10:18:47: Epoch: 37
2019-12-19 10:20:23: [TRAIN] Acc: 50.478, Loss: 1.196
2019-12-19 10:20:24: [TEST] Acc: 72.680
2019-12-19 10:20:25: Epoch: 38
2019-12-19 10:21:58: [TRAIN] Acc: 50.546, Loss: 1.278
2019-12-19 10:21:59: [TEST] Acc: 72.300
2019-12-19 10:22:00: Epoch: 39
2019-12-19 10:23:34: [TRAIN] Acc: 51.004, Loss: 1.311
2019-12-19 10:23:36: [TEST] Acc: 74.160
2019-12-19 10:23:36: Epoch: 40
2019-12-19 10:25:10: [TRAIN] Acc: 51.220, Loss: 1.352
2019-12-19 10:25:12: [TEST] Acc: 73.600
2019-12-19 10:25:12: Epoch: 41
2019-12-19 10:26:46: [TRAIN] Acc: 51.440, Loss: 1.179
2019-12-19 10:26:48: [TEST] Acc: 73.010
2019-12-19 10:26:48: Epoch: 42
2019-12-19 10:28:22: [TRAIN] Acc: 51.598, Loss: 1.187
2019-12-19 10:28:23: [TEST] Acc: 75.070
2019-12-19 10:28:23: Epoch: 43
2019-12-19 10:29:58: [TRAIN] Acc: 51.702, Loss: 1.310
2019-12-19 10:29:59: [TEST] Acc: 72.750
2019-12-19 10:30:00: Epoch: 44
2019-12-19 10:31:33: [TRAIN] Acc: 51.932, Loss: 1.124
2019-12-19 10:31:34: [TEST] Acc: 75.150
2019-12-19 10:31:34: Epoch: 45
2019-12-19 10:33:09: [TRAIN] Acc: 52.064, Loss: 1.268
2019-12-19 10:33:10: [TEST] Acc: 75.150
2019-12-19 10:33:11: Epoch: 46
2019-12-19 10:34:44: [TRAIN] Acc: 52.662, Loss: 1.329
2019-12-19 10:34:45: [TEST] Acc: 75.330
2019-12-19 10:34:46: Epoch: 47
2019-12-19 10:36:19: [TRAIN] Acc: 52.734, Loss: 1.169
2019-12-19 10:36:20: [TEST] Acc: 75.120
2019-12-19 10:36:20: Epoch: 48
2019-12-19 10:37:53: [TRAIN] Acc: 52.892, Loss: 1.354
2019-12-19 10:37:55: [TEST] Acc: 75.020
2019-12-19 10:37:55: Epoch: 49
2019-12-19 10:39:28: [TRAIN] Acc: 52.958, Loss: 1.106
2019-12-19 10:39:29: [TEST] Acc: 76.440
2019-12-19 10:39:30: Epoch: 50
2019-12-19 10:41:02: [TRAIN] Acc: 53.386, Loss: 1.083
2019-12-19 10:41:03: [TEST] Acc: 75.840
2019-12-19 10:41:04: Epoch: 51
2019-12-19 10:42:36: [TRAIN] Acc: 53.690, Loss: 1.165
2019-12-19 10:42:37: [TEST] Acc: 75.010
2019-12-19 10:43:01: Epoch: 52
2019-12-19 10:44:36: [TRAIN] Acc: 53.532, Loss: 1.263
2019-12-19 10:44:37: [TEST] Acc: 75.930
2019-12-19 10:44:37: Epoch: 53
2019-12-19 10:46:16: [TRAIN] Acc: 53.856, Loss: 1.326
2019-12-19 10:46:17: [TEST] Acc: 75.660
2019-12-19 10:46:18: Epoch: 54
2019-12-19 10:47:56: [TRAIN] Acc: 54.108, Loss: 1.276
2019-12-19 10:47:57: [TEST] Acc: 74.920
2019-12-19 10:47:58: Epoch: 55
2019-12-19 10:49:36: [TRAIN] Acc: 54.118, Loss: 1.133
2019-12-19 10:49:38: [TEST] Acc: 76.500
2019-12-19 10:49:38: Epoch: 56
2019-12-19 10:51:17: [TRAIN] Acc: 54.442, Loss: 1.172
2019-12-19 10:51:18: [TEST] Acc: 76.070
2019-12-19 10:51:18: Epoch: 57
2019-12-19 10:52:57: [TRAIN] Acc: 54.736, Loss: 1.060
2019-12-19 10:52:58: [TEST] Acc: 75.900
2019-12-19 10:52:58: Epoch: 58
2019-12-19 10:54:37: [TRAIN] Acc: 55.180, Loss: 0.943
2019-12-19 10:54:39: [TEST] Acc: 75.900
2019-12-19 10:54:39: Epoch: 59
2019-12-19 10:56:18: [TRAIN] Acc: 55.084, Loss: 1.325
2019-12-19 10:56:19: [TEST] Acc: 75.350
2019-12-19 10:56:19: Epoch: 60
2019-12-19 10:57:57: [TRAIN] Acc: 55.190, Loss: 1.141
2019-12-19 10:57:58: [TEST] Acc: 75.330
2019-12-19 10:57:59: Epoch: 61
2019-12-19 10:59:35: [TRAIN] Acc: 55.612, Loss: 1.072
2019-12-19 10:59:37: [TEST] Acc: 76.500
2019-12-19 10:59:37: Epoch: 62
2019-12-19 11:01:13: [TRAIN] Acc: 55.774, Loss: 1.140
2019-12-19 11:01:14: [TEST] Acc: 74.330
2019-12-19 11:01:14: Epoch: 63
2019-12-19 11:02:51: [TRAIN] Acc: 55.794, Loss: 1.031
2019-12-19 11:02:53: [TEST] Acc: 76.590
2019-12-19 11:02:53: Epoch: 64
2019-12-19 11:04:31: [TRAIN] Acc: 56.180, Loss: 0.966
2019-12-19 11:04:33: [TEST] Acc: 76.630
2019-12-19 11:04:33: Epoch: 65
2019-12-19 11:06:19: [TRAIN] Acc: 56.446, Loss: 1.013
2019-12-19 11:06:21: [TEST] Acc: 74.650
2019-12-19 11:06:21: Epoch: 66
2019-12-19 11:08:01: [TRAIN] Acc: 56.688, Loss: 1.178
2019-12-19 11:08:02: [TEST] Acc: 77.140
2019-12-19 11:08:02: Epoch: 67
2019-12-19 11:09:32: [TRAIN] Acc: 56.718, Loss: 1.184
2019-12-19 11:09:33: [TEST] Acc: 77.130
2019-12-19 11:09:34: Epoch: 68
2019-12-19 11:11:04: [TRAIN] Acc: 56.836, Loss: 1.173
2019-12-19 11:11:05: [TEST] Acc: 76.800
2019-12-19 11:11:05: Epoch: 69
2019-12-19 11:12:35: [TRAIN] Acc: 56.948, Loss: 1.234
2019-12-19 11:12:36: [TEST] Acc: 76.280
2019-12-19 11:12:37: Epoch: 70
2019-12-19 11:14:06: [TRAIN] Acc: 57.002, Loss: 1.020
2019-12-19 11:14:08: [TEST] Acc: 78.290
2019-12-19 11:14:08: Epoch: 71
2019-12-19 11:15:43: [TRAIN] Acc: 57.374, Loss: 1.112
2019-12-19 11:15:44: [TEST] Acc: 75.980
2019-12-19 11:15:44: Epoch: 72
2019-12-19 11:17:21: [TRAIN] Acc: 57.314, Loss: 1.250
2019-12-19 11:17:22: [TEST] Acc: 76.190
2019-12-19 11:17:22: Epoch: 73
2019-12-19 11:19:04: [TRAIN] Acc: 57.812, Loss: 1.086
2019-12-19 11:19:05: [TEST] Acc: 76.640
2019-12-19 11:19:06: Epoch: 74
2019-12-19 11:20:48: [TRAIN] Acc: 57.588, Loss: 0.983
2019-12-19 11:20:49: [TEST] Acc: 77.170
2019-12-19 11:20:49: Epoch: 75
2019-12-19 11:22:31: [TRAIN] Acc: 58.178, Loss: 1.045
2019-12-19 11:22:33: [TEST] Acc: 77.440
2019-12-19 11:22:33: Epoch: 76
2019-12-19 11:24:15: [TRAIN] Acc: 58.462, Loss: 1.046
2019-12-19 11:24:17: [TEST] Acc: 76.840
2019-12-19 11:24:17: Epoch: 77
2019-12-19 11:25:59: [TRAIN] Acc: 58.506, Loss: 1.068
2019-12-19 11:26:00: [TEST] Acc: 76.370
2019-12-19 11:26:01: Epoch: 78
2019-12-19 11:27:43: [TRAIN] Acc: 58.506, Loss: 1.064
2019-12-19 11:27:44: [TEST] Acc: 78.090
2019-12-19 11:27:44: Epoch: 79
2019-12-19 11:29:26: [TRAIN] Acc: 58.732, Loss: 1.047
2019-12-19 11:29:28: [TEST] Acc: 77.450
2019-12-19 11:29:29: Epoch: 80
2019-12-19 11:31:11: [TRAIN] Acc: 63.172, Loss: 0.909
2019-12-19 11:31:12: [TEST] Acc: 79.730
2019-12-19 11:31:12: Epoch: 81
2019-12-19 11:32:54: [TRAIN] Acc: 64.488, Loss: 0.894
2019-12-19 11:32:56: [TEST] Acc: 79.960
2019-12-19 11:32:56: Epoch: 82
2019-12-19 11:34:38: [TRAIN] Acc: 65.270, Loss: 0.751
2019-12-19 11:34:40: [TEST] Acc: 79.710
2019-12-19 11:34:40: Epoch: 83
2019-12-19 11:36:20: [TRAIN] Acc: 65.864, Loss: 0.695
2019-12-19 11:36:21: [TEST] Acc: 79.900
2019-12-19 11:36:22: Epoch: 84
2019-12-19 11:37:59: [TRAIN] Acc: 66.568, Loss: 0.678
2019-12-19 11:38:00: [TEST] Acc: 80.000
2019-12-19 11:38:00: Epoch: 85
2019-12-19 11:39:37: [TRAIN] Acc: 66.876, Loss: 0.794
2019-12-19 11:39:39: [TEST] Acc: 80.160
2019-12-19 11:39:41: Epoch: 86
2019-12-19 11:41:19: [TRAIN] Acc: 67.232, Loss: 0.815
2019-12-19 11:41:20: [TEST] Acc: 79.930
2019-12-19 11:41:20: Epoch: 87
2019-12-19 11:42:58: [TRAIN] Acc: 67.598, Loss: 0.751
2019-12-19 11:42:59: [TEST] Acc: 80.120
2019-12-19 11:42:59: Epoch: 88
2019-12-19 11:44:37: [TRAIN] Acc: 68.108, Loss: 0.843
2019-12-19 11:44:38: [TEST] Acc: 80.160
2019-12-19 11:44:38: Epoch: 89
2019-12-19 11:46:18: [TRAIN] Acc: 68.318, Loss: 0.773
2019-12-19 11:46:19: [TEST] Acc: 80.150
2019-12-19 11:46:19: Epoch: 90
2019-12-19 11:48:02: [TRAIN] Acc: 68.520, Loss: 0.730
2019-12-19 11:48:03: [TEST] Acc: 80.000
2019-12-19 11:48:04: Epoch: 91
2019-12-19 11:49:45: [TRAIN] Acc: 69.030, Loss: 0.820
2019-12-19 11:49:47: [TEST] Acc: 80.040
2019-12-19 11:49:47: Epoch: 92
2019-12-19 11:51:30: [TRAIN] Acc: 69.132, Loss: 0.817
2019-12-19 11:51:31: [TEST] Acc: 79.950
2019-12-19 11:51:31: Epoch: 93
2019-12-19 11:53:13: [TRAIN] Acc: 69.388, Loss: 0.602
2019-12-19 11:53:15: [TEST] Acc: 80.090
2019-12-19 11:53:15: Epoch: 94
2019-12-19 11:54:58: [TRAIN] Acc: 69.554, Loss: 0.757
2019-12-19 11:54:59: [TEST] Acc: 80.020
2019-12-19 11:54:59: Epoch: 95
2019-12-19 11:56:41: [TRAIN] Acc: 69.912, Loss: 0.730
2019-12-19 11:56:42: [TEST] Acc: 79.970
2019-12-19 11:56:43: Epoch: 96
2019-12-19 11:58:25: [TRAIN] Acc: 70.194, Loss: 0.760
2019-12-19 11:58:26: [TEST] Acc: 80.040
2019-12-19 11:58:27: Epoch: 97
2019-12-19 12:00:09: [TRAIN] Acc: 70.550, Loss: 0.633
2019-12-19 12:00:10: [TEST] Acc: 80.100
2019-12-19 12:00:10: Epoch: 98
2019-12-19 12:01:52: [TRAIN] Acc: 70.750, Loss: 0.708
2019-12-19 12:01:54: [TEST] Acc: 80.010
2019-12-19 12:01:54: Epoch: 99
2019-12-19 12:03:36: [TRAIN] Acc: 70.678, Loss: 0.805
2019-12-19 12:03:38: [TEST] Acc: 79.920
2019-12-19 12:03:38: Epoch: 100
2019-12-19 12:05:16: [TRAIN] Acc: 71.040, Loss: 0.621
2019-12-19 12:05:17: [TEST] Acc: 79.770
2019-12-19 12:05:18: Epoch: 101
2019-12-19 12:06:55: [TRAIN] Acc: 71.502, Loss: 0.657
2019-12-19 12:06:56: [TEST] Acc: 79.920
2019-12-19 12:06:57: Epoch: 102
2019-12-19 12:08:34: [TRAIN] Acc: 71.544, Loss: 0.607
2019-12-19 12:08:35: [TEST] Acc: 80.190
2019-12-19 12:08:35: Epoch: 103
2019-12-19 12:10:13: [TRAIN] Acc: 71.898, Loss: 0.733
2019-12-19 12:10:14: [TEST] Acc: 79.660
2019-12-19 12:10:14: Epoch: 104
2019-12-19 12:11:52: [TRAIN] Acc: 71.998, Loss: 0.580
2019-12-19 12:11:53: [TEST] Acc: 79.900
2019-12-19 12:11:54: Epoch: 105
2019-12-19 12:13:30: [TRAIN] Acc: 72.374, Loss: 0.769
2019-12-19 12:13:32: [TEST] Acc: 79.780
2019-12-19 12:13:32: Epoch: 106
2019-12-19 12:15:15: [TRAIN] Acc: 72.586, Loss: 0.435
2019-12-19 12:15:16: [TEST] Acc: 80.120
2019-12-19 12:15:16: Epoch: 107
2019-12-19 12:16:58: [TRAIN] Acc: 72.810, Loss: 0.553
2019-12-19 12:16:59: [TEST] Acc: 79.670
2019-12-19 12:17:00: Epoch: 108
2019-12-19 12:18:42: [TRAIN] Acc: 73.124, Loss: 0.593
2019-12-19 12:18:43: [TEST] Acc: 79.960
2019-12-19 12:18:44: Epoch: 109
2019-12-19 12:20:26: [TRAIN] Acc: 72.974, Loss: 0.681
2019-12-19 12:20:27: [TEST] Acc: 80.140
2019-12-19 12:20:27: Epoch: 110
2019-12-19 12:22:10: [TRAIN] Acc: 73.324, Loss: 0.724
2019-12-19 12:22:11: [TEST] Acc: 79.770
2019-12-19 12:22:11: Epoch: 111
2019-12-19 12:23:53: [TRAIN] Acc: 73.498, Loss: 0.608
2019-12-19 12:23:55: [TEST] Acc: 79.880
2019-12-19 12:23:55: Epoch: 112
2019-12-19 12:25:37: [TRAIN] Acc: 73.734, Loss: 0.607
2019-12-19 12:25:39: [TEST] Acc: 79.960
2019-12-19 12:25:39: Epoch: 113
2019-12-19 12:27:21: [TRAIN] Acc: 73.950, Loss: 0.581
2019-12-19 12:27:23: [TEST] Acc: 80.210
2019-12-19 12:27:23: Epoch: 114
2019-12-19 12:29:05: [TRAIN] Acc: 74.156, Loss: 0.508
2019-12-19 12:29:07: [TEST] Acc: 80.050
2019-12-19 12:29:07: Epoch: 115
2019-12-19 12:30:49: [TRAIN] Acc: 74.342, Loss: 0.683
2019-12-19 12:30:51: [TEST] Acc: 80.000
2019-12-19 12:30:51: Epoch: 116
2019-12-19 12:32:32: [TRAIN] Acc: 74.636, Loss: 0.671
2019-12-19 12:32:33: [TEST] Acc: 79.650
2019-12-19 12:32:34: Epoch: 117
2019-12-19 12:34:11: [TRAIN] Acc: 74.764, Loss: 0.527
2019-12-19 12:34:12: [TEST] Acc: 79.810
2019-12-19 12:34:12: Epoch: 118
2019-12-19 12:35:50: [TRAIN] Acc: 74.972, Loss: 0.695
2019-12-19 12:35:51: [TEST] Acc: 79.850
2019-12-19 12:35:51: Epoch: 119
2019-12-19 12:37:29: [TRAIN] Acc: 75.504, Loss: 0.657
2019-12-19 12:37:30: [TEST] Acc: 80.150
2019-12-19 12:37:30: Epoch: 120
2019-12-19 12:39:08: [TRAIN] Acc: 75.414, Loss: 0.567
2019-12-19 12:39:09: [TEST] Acc: 79.620
2019-12-19 12:39:10: Epoch: 121
2019-12-19 12:40:47: [TRAIN] Acc: 75.576, Loss: 0.597
2019-12-19 12:40:48: [TEST] Acc: 79.890
2019-12-19 12:40:49: Epoch: 122
2019-12-19 12:42:27: [TRAIN] Acc: 75.858, Loss: 0.499
2019-12-19 12:42:29: [TEST] Acc: 79.650
2019-12-19 12:42:29: Epoch: 123
2019-12-19 12:44:12: [TRAIN] Acc: 75.982, Loss: 0.545
2019-12-19 12:44:13: [TEST] Acc: 79.740
2019-12-19 12:44:13: Epoch: 124
2019-12-19 12:45:55: [TRAIN] Acc: 76.212, Loss: 0.618
2019-12-19 12:45:57: [TEST] Acc: 79.960
2019-12-19 12:45:57: Epoch: 125
2019-12-19 12:47:39: [TRAIN] Acc: 76.442, Loss: 0.679
2019-12-19 12:47:40: [TEST] Acc: 79.640
2019-12-19 12:47:41: Epoch: 126
2019-12-19 12:49:23: [TRAIN] Acc: 76.786, Loss: 0.580
2019-12-19 12:49:24: [TEST] Acc: 79.660
2019-12-19 12:49:25: Epoch: 127
2019-12-19 12:51:07: [TRAIN] Acc: 76.612, Loss: 0.534
2019-12-19 12:51:08: [TEST] Acc: 79.630
2019-12-19 12:51:08: Epoch: 128
2019-12-19 12:52:51: [TRAIN] Acc: 77.014, Loss: 0.663
2019-12-19 12:52:52: [TEST] Acc: 79.620
2019-12-19 12:52:52: Epoch: 129
2019-12-19 12:54:34: [TRAIN] Acc: 77.066, Loss: 0.665
2019-12-19 12:54:35: [TEST] Acc: 79.410
2019-12-19 12:54:36: Epoch: 130
2019-12-19 12:56:17: [TRAIN] Acc: 77.204, Loss: 0.531
2019-12-19 12:56:19: [TEST] Acc: 79.710
2019-12-19 12:56:19: Epoch: 131
2019-12-19 12:58:01: [TRAIN] Acc: 77.400, Loss: 0.575
2019-12-19 12:58:03: [TEST] Acc: 79.630
2019-12-19 12:58:03: Epoch: 132
2019-12-19 12:59:45: [TRAIN] Acc: 77.856, Loss: 0.501
2019-12-19 12:59:46: [TEST] Acc: 79.480
2019-12-19 12:59:47: Epoch: 133
2019-12-19 13:01:26: [TRAIN] Acc: 77.840, Loss: 0.453
2019-12-19 13:01:27: [TEST] Acc: 79.860
2019-12-19 13:01:27: Epoch: 134
2019-12-19 13:03:04: [TRAIN] Acc: 78.146, Loss: 0.500
2019-12-19 13:03:06: [TEST] Acc: 79.970
2019-12-19 13:03:06: Epoch: 135
2019-12-19 13:04:43: [TRAIN] Acc: 78.180, Loss: 0.665
2019-12-19 13:04:44: [TEST] Acc: 79.700
2019-12-19 13:04:45: Epoch: 136
2019-12-19 13:06:22: [TRAIN] Acc: 78.270, Loss: 0.570
2019-12-19 13:06:23: [TEST] Acc: 79.670
2019-12-19 13:06:24: Epoch: 137
2019-12-19 13:08:01: [TRAIN] Acc: 78.396, Loss: 0.402
2019-12-19 13:08:02: [TEST] Acc: 79.720
2019-12-19 13:08:03: Epoch: 138
2019-12-19 13:09:38: [TRAIN] Acc: 78.508, Loss: 0.543
2019-12-19 13:09:40: [TEST] Acc: 79.380
2019-12-19 13:09:40: Epoch: 139
2019-12-19 13:11:22: [TRAIN] Acc: 78.848, Loss: 0.582
2019-12-19 13:11:23: [TEST] Acc: 79.890
2019-12-19 13:11:24: Epoch: 140
2019-12-19 13:13:06: [TRAIN] Acc: 80.500, Loss: 0.378
2019-12-19 13:13:07: [TEST] Acc: 79.920
2019-12-19 13:13:07: Epoch: 141
2019-12-19 13:14:49: [TRAIN] Acc: 81.704, Loss: 0.325
2019-12-19 13:14:51: [TEST] Acc: 79.920
2019-12-19 13:14:51: Epoch: 142
2019-12-19 13:16:33: [TRAIN] Acc: 81.902, Loss: 0.361
2019-12-19 13:16:34: [TEST] Acc: 80.060
2019-12-19 13:16:35: Epoch: 143
2019-12-19 13:18:17: [TRAIN] Acc: 82.018, Loss: 0.402
2019-12-19 13:18:18: [TEST] Acc: 79.980
2019-12-19 13:18:19: Epoch: 144
2019-12-19 13:20:01: [TRAIN] Acc: 82.374, Loss: 0.406
2019-12-19 13:20:02: [TEST] Acc: 80.070
2019-12-19 13:20:03: Epoch: 145
2019-12-19 13:21:45: [TRAIN] Acc: 82.510, Loss: 0.476
2019-12-19 13:21:46: [TEST] Acc: 80.050
2019-12-19 13:21:46: Epoch: 146
2019-12-19 13:23:29: [TRAIN] Acc: 82.458, Loss: 0.538
2019-12-19 13:23:30: [TEST] Acc: 79.940
2019-12-19 13:23:30: Epoch: 147
2019-12-19 13:25:12: [TRAIN] Acc: 82.698, Loss: 0.424
2019-12-19 13:25:14: [TEST] Acc: 79.910
2019-12-19 13:25:14: Epoch: 148
2019-12-19 13:26:57: [TRAIN] Acc: 82.938, Loss: 0.472
2019-12-19 13:26:58: [TEST] Acc: 79.840
2019-12-19 13:26:58: Epoch: 149
2019-12-19 13:28:40: [TRAIN] Acc: 82.574, Loss: 0.309
2019-12-19 13:28:41: [TEST] Acc: 79.940
2019-12-19 13:28:42: Epoch: 150
2019-12-19 13:30:19: [TRAIN] Acc: 82.856, Loss: 0.297
2019-12-19 13:30:20: [TEST] Acc: 80.010
2019-12-19 13:30:21: Epoch: 151
2019-12-19 13:31:58: [TRAIN] Acc: 83.038, Loss: 0.372
2019-12-19 13:31:59: [TEST] Acc: 79.910
2019-12-19 13:31:59: Epoch: 152
2019-12-19 13:33:37: [TRAIN] Acc: 83.044, Loss: 0.447
2019-12-19 13:33:38: [TEST] Acc: 79.710
2019-12-19 13:33:38: Epoch: 153
2019-12-19 13:35:16: [TRAIN] Acc: 83.136, Loss: 0.424
2019-12-19 13:35:17: [TEST] Acc: 79.860
2019-12-19 13:35:17: Epoch: 154
2019-12-19 13:36:55: [TRAIN] Acc: 83.176, Loss: 0.349
2019-12-19 13:36:56: [TEST] Acc: 80.050
2019-12-19 13:36:56: Epoch: 155
2019-12-19 13:38:35: [TRAIN] Acc: 83.250, Loss: 0.337
2019-12-19 13:38:36: [TEST] Acc: 79.800
2019-12-19 13:38:36: Epoch: 156
2019-12-19 13:40:18: [TRAIN] Acc: 83.222, Loss: 0.416
2019-12-19 13:40:20: [TEST] Acc: 80.020
2019-12-19 13:40:20: Epoch: 157
2019-12-19 13:42:02: [TRAIN] Acc: 83.336, Loss: 0.338
2019-12-19 13:42:03: [TEST] Acc: 80.160
2019-12-19 13:42:04: Epoch: 158
2019-12-19 13:43:46: [TRAIN] Acc: 83.330, Loss: 0.366
2019-12-19 13:43:47: [TEST] Acc: 79.970
2019-12-19 13:43:47: Epoch: 159
2019-12-19 13:45:29: [TRAIN] Acc: 83.330, Loss: 0.474
2019-12-19 13:45:31: [TEST] Acc: 80.090
2019-12-19 13:45:31: Epoch: 160
2019-12-19 13:47:13: [TRAIN] Acc: 83.356, Loss: 0.410
2019-12-19 13:47:14: [TEST] Acc: 80.070
2019-12-19 13:47:15: Epoch: 161
2019-12-19 13:48:57: [TRAIN] Acc: 83.584, Loss: 0.283
2019-12-19 13:48:59: [TEST] Acc: 79.960
2019-12-19 13:48:59: Epoch: 162
2019-12-19 13:50:41: [TRAIN] Acc: 83.650, Loss: 0.455
2019-12-19 13:50:43: [TEST] Acc: 79.990
2019-12-19 13:50:43: Epoch: 163
2019-12-19 13:52:25: [TRAIN] Acc: 83.802, Loss: 0.495
2019-12-19 13:52:26: [TEST] Acc: 80.140
2019-12-19 13:52:27: Epoch: 164
2019-12-19 13:54:09: [TRAIN] Acc: 83.730, Loss: 0.330
2019-12-19 13:54:10: [TEST] Acc: 79.990
2019-12-19 13:54:11: Epoch: 165
2019-12-19 13:55:53: [TRAIN] Acc: 83.820, Loss: 0.374
2019-12-19 13:55:54: [TEST] Acc: 79.990
2019-12-19 13:55:55: Epoch: 166
2019-12-19 13:57:34: [TRAIN] Acc: 83.786, Loss: 0.477
2019-12-19 13:57:35: [TEST] Acc: 79.980
2019-12-19 13:57:36: Epoch: 167
2019-12-19 13:59:13: [TRAIN] Acc: 83.810, Loss: 0.479
2019-12-19 13:59:14: [TEST] Acc: 79.770
2019-12-19 13:59:15: Epoch: 168
2019-12-19 14:00:52: [TRAIN] Acc: 83.954, Loss: 0.360
2019-12-19 14:00:53: [TEST] Acc: 80.000
2019-12-19 14:00:53: Epoch: 169
2019-12-19 14:02:31: [TRAIN] Acc: 84.076, Loss: 0.328
2019-12-19 14:02:32: [TEST] Acc: 80.010
2019-12-19 14:02:32: Epoch: 170
2019-12-19 14:04:10: [TRAIN] Acc: 84.060, Loss: 0.323
2019-12-19 14:04:11: [TEST] Acc: 80.010
2019-12-19 14:04:11: Epoch: 171
2019-12-19 14:05:48: [TRAIN] Acc: 84.118, Loss: 0.414
2019-12-19 14:05:51: [TEST] Acc: 80.060
2019-12-19 14:05:51: Epoch: 172
2019-12-19 14:07:33: [TRAIN] Acc: 83.986, Loss: 0.568
2019-12-19 14:07:34: [TEST] Acc: 80.030
2019-12-19 14:07:35: Epoch: 173
2019-12-19 14:09:17: [TRAIN] Acc: 84.136, Loss: 0.423
2019-12-19 14:09:18: [TEST] Acc: 79.900
2019-12-19 14:09:18: Epoch: 174
2019-12-19 14:11:01: [TRAIN] Acc: 84.122, Loss: 0.353
2019-12-19 14:11:02: [TEST] Acc: 79.720
2019-12-19 14:11:02: Epoch: 175
2019-12-19 14:12:45: [TRAIN] Acc: 84.270, Loss: 0.485
2019-12-19 14:12:46: [TEST] Acc: 79.730
2019-12-19 14:12:46: Epoch: 176
2019-12-19 14:14:29: [TRAIN] Acc: 84.544, Loss: 0.361
2019-12-19 14:14:30: [TEST] Acc: 79.830
2019-12-19 14:14:30: Epoch: 177
2019-12-19 14:16:12: [TRAIN] Acc: 84.274, Loss: 0.374
2019-12-19 14:16:13: [TEST] Acc: 79.820
2019-12-19 14:16:13: Epoch: 178
2019-12-19 14:17:56: [TRAIN] Acc: 84.362, Loss: 0.266
2019-12-19 14:17:57: [TEST] Acc: 79.830
2019-12-19 14:17:58: Epoch: 179
2019-12-19 14:19:40: [TRAIN] Acc: 84.520, Loss: 0.361
2019-12-19 14:19:41: [TEST] Acc: 79.830
2019-12-19 14:19:42: Epoch: 180
2019-12-19 14:21:24: [TRAIN] Acc: 84.802, Loss: 0.257
2019-12-19 14:21:25: [TEST] Acc: 79.930
2019-12-19 14:21:26: Epoch: 181
2019-12-19 14:23:08: [TRAIN] Acc: 84.844, Loss: 0.303
2019-12-19 14:23:09: [TEST] Acc: 79.860
2019-12-19 14:23:10: Epoch: 182
2019-12-19 14:24:52: [TRAIN] Acc: 84.848, Loss: 0.302
2019-12-19 14:24:53: [TEST] Acc: 79.740
2019-12-19 14:24:54: Epoch: 183
2019-12-19 14:26:31: [TRAIN] Acc: 84.854, Loss: 0.352
2019-12-19 14:26:32: [TEST] Acc: 79.880
2019-12-19 14:26:33: Epoch: 184
2019-12-19 14:28:10: [TRAIN] Acc: 84.932, Loss: 0.304
2019-12-19 14:28:11: [TEST] Acc: 79.760
2019-12-19 14:28:11: Epoch: 185
2019-12-19 14:29:49: [TRAIN] Acc: 84.730, Loss: 0.392
2019-12-19 14:29:50: [TEST] Acc: 79.580
2019-12-19 14:29:50: Epoch: 186
2019-12-19 14:31:27: [TRAIN] Acc: 84.578, Loss: 0.380
2019-12-19 14:31:28: [TEST] Acc: 79.880
2019-12-19 14:31:29: Epoch: 187
2019-12-19 14:33:06: [TRAIN] Acc: 84.610, Loss: 0.435
2019-12-19 14:33:07: [TEST] Acc: 79.800
2019-12-19 14:33:07: Epoch: 188
2019-12-19 14:34:44: [TRAIN] Acc: 84.880, Loss: 0.373
2019-12-19 14:34:45: [TEST] Acc: 80.050
2019-12-19 14:34:45: Epoch: 189
2019-12-19 14:36:27: [TRAIN] Acc: 84.958, Loss: 0.360
2019-12-19 14:36:28: [TEST] Acc: 79.920
2019-12-19 14:36:28: Epoch: 190
2019-12-19 14:38:11: [TRAIN] Acc: 84.746, Loss: 0.239
2019-12-19 14:38:12: [TEST] Acc: 79.690
2019-12-19 14:38:12: Epoch: 191
2019-12-19 14:39:54: [TRAIN] Acc: 84.596, Loss: 0.266
2019-12-19 14:39:55: [TEST] Acc: 79.860
2019-12-19 14:39:56: Epoch: 192
2019-12-19 14:41:38: [TRAIN] Acc: 84.588, Loss: 0.416
2019-12-19 14:41:39: [TEST] Acc: 79.880
2019-12-19 14:41:39: Epoch: 193
2019-12-19 14:43:21: [TRAIN] Acc: 84.906, Loss: 0.290
2019-12-19 14:43:23: [TEST] Acc: 79.980
2019-12-19 14:43:23: Epoch: 194
2019-12-19 14:45:05: [TRAIN] Acc: 84.816, Loss: 0.331
2019-12-19 14:45:06: [TEST] Acc: 79.860
2019-12-19 14:45:07: Epoch: 195
2019-12-19 14:46:48: [TRAIN] Acc: 84.992, Loss: 0.334
2019-12-19 14:46:49: [TEST] Acc: 79.890
2019-12-19 14:46:50: Epoch: 196
2019-12-19 14:48:32: [TRAIN] Acc: 84.814, Loss: 0.321
2019-12-19 14:48:33: [TEST] Acc: 79.770
2019-12-19 14:48:34: Epoch: 197
2019-12-19 14:50:16: [TRAIN] Acc: 84.810, Loss: 0.399
2019-12-19 14:50:17: [TEST] Acc: 79.860
2019-12-19 14:50:18: Epoch: 198
2019-12-19 14:51:59: [TRAIN] Acc: 85.058, Loss: 0.339
2019-12-19 14:52:01: [TEST] Acc: 79.740
2019-12-19 14:52:02: Epoch: 199
2019-12-19 14:53:44: [TRAIN] Acc: 84.936, Loss: 0.315
2019-12-19 14:53:45: [TEST] Acc: 79.730
