2019-12-18 01:27:26: - lr: 0.01
2019-12-18 01:27:26: - sigma_0: 0.05
2019-12-18 01:27:26: - init_s: 0.05
2019-12-18 01:27:26: - data: cifar10
2019-12-18 01:27:26: - model: vgg
2019-12-18 01:27:26: - root: /dvmm-filer2/datasets/CIFAR/
2019-12-18 01:27:26: - model_out: ./checkpoint/cifar10_vgg_vi.pth
2019-12-18 01:27:26: - resume: False
2019-12-18 01:27:26: ==> Preparing data..
2019-12-18 01:27:40: Epoch: 0
2019-12-18 01:28:31: [TRAIN] Acc: 11.604
2019-12-18 01:28:37: [TEST] Acc: 17.810
2019-12-18 01:28:38: Epoch: 1
2019-12-18 01:29:25: [TRAIN] Acc: 21.844
2019-12-18 01:29:30: [TEST] Acc: 23.180
2019-12-18 01:29:33: Epoch: 2
2019-12-18 01:30:20: [TRAIN] Acc: 37.844
2019-12-18 01:30:25: [TEST] Acc: 40.270
2019-12-18 01:30:26: Epoch: 3
2019-12-18 01:31:14: [TRAIN] Acc: 53.506
2019-12-18 01:31:18: [TEST] Acc: 49.730
2019-12-18 01:31:20: Epoch: 4
2019-12-18 01:32:08: [TRAIN] Acc: 63.750
2019-12-18 01:32:12: [TEST] Acc: 64.550
2019-12-18 01:32:15: Epoch: 5
2019-12-18 01:33:03: [TRAIN] Acc: 70.522
2019-12-18 01:33:07: [TEST] Acc: 70.120
2019-12-18 01:33:09: Epoch: 6
2019-12-18 01:33:56: [TRAIN] Acc: 74.984
2019-12-18 01:34:01: [TEST] Acc: 73.000
2019-12-18 01:34:02: Epoch: 7
2019-12-18 01:34:50: [TRAIN] Acc: 78.222
2019-12-18 01:34:54: [TEST] Acc: 73.000
2019-12-18 01:34:56: Epoch: 8
2019-12-18 01:35:43: [TRAIN] Acc: 80.600
2019-12-18 01:35:48: [TEST] Acc: 75.090
2019-12-18 01:35:49: Epoch: 9
2019-12-18 01:36:36: [TRAIN] Acc: 82.162
2019-12-18 01:36:41: [TEST] Acc: 78.820
2019-12-18 01:36:42: Epoch: 10
2019-12-18 01:37:30: [TRAIN] Acc: 83.226
2019-12-18 01:37:35: [TEST] Acc: 78.650
2019-12-18 01:37:36: Epoch: 11
2019-12-18 01:38:23: [TRAIN] Acc: 84.542
2019-12-18 01:38:28: [TEST] Acc: 81.960
2019-12-18 01:38:30: Epoch: 12
2019-12-18 01:39:17: [TRAIN] Acc: 85.560
2019-12-18 01:39:22: [TEST] Acc: 82.100
2019-12-18 01:39:24: Epoch: 13
2019-12-18 01:40:10: [TRAIN] Acc: 86.402
2019-12-18 01:40:15: [TEST] Acc: 82.070
2019-12-18 01:40:17: Epoch: 14
2019-12-18 01:41:04: [TRAIN] Acc: 87.222
2019-12-18 01:41:08: [TEST] Acc: 83.220
2019-12-18 01:41:10: Epoch: 15
2019-12-18 01:41:57: [TRAIN] Acc: 87.748
2019-12-18 01:42:02: [TEST] Acc: 80.020
2019-12-18 01:42:03: Epoch: 16
2019-12-18 01:42:50: [TRAIN] Acc: 88.446
2019-12-18 01:42:55: [TEST] Acc: 84.230
2019-12-18 01:42:57: Epoch: 17
2019-12-18 01:43:44: [TRAIN] Acc: 89.110
2019-12-18 01:43:49: [TEST] Acc: 84.200
2019-12-18 01:43:50: Epoch: 18
2019-12-18 01:44:38: [TRAIN] Acc: 89.558
2019-12-18 01:44:43: [TEST] Acc: 83.400
2019-12-18 01:44:45: Epoch: 19
2019-12-18 01:45:33: [TRAIN] Acc: 90.184
2019-12-18 01:45:38: [TEST] Acc: 84.590
2019-12-18 01:45:39: Epoch: 20
2019-12-18 01:46:27: [TRAIN] Acc: 90.514
2019-12-18 01:46:32: [TEST] Acc: 84.340
2019-12-18 01:46:33: Epoch: 21
2019-12-18 01:47:19: [TRAIN] Acc: 91.024
2019-12-18 01:47:24: [TEST] Acc: 86.790
2019-12-18 01:47:26: Epoch: 22
2019-12-18 01:48:14: [TRAIN] Acc: 91.440
2019-12-18 01:48:19: [TEST] Acc: 85.790
2019-12-18 01:48:20: Epoch: 23
2019-12-18 01:49:08: [TRAIN] Acc: 91.692
2019-12-18 01:49:12: [TEST] Acc: 86.120
2019-12-18 01:49:14: Epoch: 24
2019-12-18 01:50:01: [TRAIN] Acc: 92.218
2019-12-18 01:50:06: [TEST] Acc: 85.660
2019-12-18 01:50:08: Epoch: 25
2019-12-18 01:50:55: [TRAIN] Acc: 92.402
2019-12-18 01:51:00: [TEST] Acc: 85.280
2019-12-18 01:51:01: Epoch: 26
2019-12-18 01:51:49: [TRAIN] Acc: 92.750
2019-12-18 01:51:54: [TEST] Acc: 86.840
2019-12-18 01:51:55: Epoch: 27
2019-12-18 01:52:42: [TRAIN] Acc: 92.894
2019-12-18 01:52:47: [TEST] Acc: 86.340
2019-12-18 01:52:48: Epoch: 28
2019-12-18 01:53:36: [TRAIN] Acc: 93.554
2019-12-18 01:53:41: [TEST] Acc: 87.600
2019-12-18 01:53:43: Epoch: 29
2019-12-18 01:54:30: [TRAIN] Acc: 93.370
2019-12-18 01:54:35: [TEST] Acc: 86.530
2019-12-18 01:54:37: Epoch: 30
2019-12-18 01:55:24: [TRAIN] Acc: 93.858
2019-12-18 01:55:29: [TEST] Acc: 86.980
2019-12-18 01:55:31: Epoch: 31
2019-12-18 01:56:19: [TRAIN] Acc: 94.134
2019-12-18 01:56:24: [TEST] Acc: 87.730
2019-12-18 01:56:25: Epoch: 32
2019-12-18 01:57:13: [TRAIN] Acc: 94.194
2019-12-18 01:57:18: [TEST] Acc: 85.590
2019-12-18 01:57:19: Epoch: 33
2019-12-18 01:58:07: [TRAIN] Acc: 94.712
2019-12-18 01:58:12: [TEST] Acc: 86.950
2019-12-18 01:58:15: Epoch: 34
2019-12-18 01:59:03: [TRAIN] Acc: 94.822
2019-12-18 01:59:08: [TEST] Acc: 88.260
2019-12-18 01:59:09: Epoch: 35
2019-12-18 01:59:57: [TRAIN] Acc: 94.812
2019-12-18 02:00:01: [TEST] Acc: 88.150
2019-12-18 02:00:03: Epoch: 36
2019-12-18 02:00:49: [TRAIN] Acc: 94.932
2019-12-18 02:00:54: [TEST] Acc: 87.880
2019-12-18 02:00:55: Epoch: 37
2019-12-18 02:01:42: [TRAIN] Acc: 95.320
2019-12-18 02:01:47: [TEST] Acc: 86.800
2019-12-18 02:01:49: Epoch: 38
2019-12-18 02:02:37: [TRAIN] Acc: 95.426
2019-12-18 02:02:41: [TEST] Acc: 88.430
2019-12-18 02:02:43: Epoch: 39
2019-12-18 02:03:31: [TRAIN] Acc: 95.466
2019-12-18 02:03:35: [TEST] Acc: 87.940
2019-12-18 02:03:37: Epoch: 40
2019-12-18 02:04:24: [TRAIN] Acc: 95.532
2019-12-18 02:04:28: [TEST] Acc: 88.830
2019-12-18 02:04:32: Epoch: 41
2019-12-18 02:05:20: [TRAIN] Acc: 95.850
2019-12-18 02:05:25: [TEST] Acc: 87.420
2019-12-18 02:05:29: Epoch: 42
2019-12-18 02:06:16: [TRAIN] Acc: 95.946
2019-12-18 02:06:21: [TEST] Acc: 88.360
2019-12-18 02:06:28: Epoch: 43
2019-12-18 02:07:16: [TRAIN] Acc: 95.956
2019-12-18 02:07:21: [TEST] Acc: 88.200
2019-12-18 02:07:22: Epoch: 44
2019-12-18 02:08:09: [TRAIN] Acc: 96.266
2019-12-18 02:08:14: [TEST] Acc: 88.020
2019-12-18 02:08:16: Epoch: 45
2019-12-18 02:09:04: [TRAIN] Acc: 96.210
2019-12-18 02:09:09: [TEST] Acc: 87.620
2019-12-18 02:09:10: Epoch: 46
2019-12-18 02:09:57: [TRAIN] Acc: 96.396
2019-12-18 02:10:01: [TEST] Acc: 89.180
2019-12-18 02:10:03: Epoch: 47
2019-12-18 02:10:51: [TRAIN] Acc: 96.402
2019-12-18 02:10:55: [TEST] Acc: 88.280
2019-12-18 02:10:57: Epoch: 48
2019-12-18 02:11:44: [TRAIN] Acc: 96.432
2019-12-18 02:11:49: [TEST] Acc: 87.350
2019-12-18 02:11:50: Epoch: 49
2019-12-18 02:12:39: [TRAIN] Acc: 96.616
2019-12-18 02:12:43: [TEST] Acc: 88.460
2019-12-18 02:12:48: Epoch: 50
2019-12-18 02:13:33: [TRAIN] Acc: 96.702
2019-12-18 02:13:38: [TEST] Acc: 88.770
2019-12-18 02:13:40: Epoch: 51
2019-12-18 02:14:28: [TRAIN] Acc: 96.806
2019-12-18 02:14:32: [TEST] Acc: 88.890
2019-12-18 02:14:34: Epoch: 52
2019-12-18 02:15:21: [TRAIN] Acc: 96.814
2019-12-18 02:15:26: [TEST] Acc: 88.240
2019-12-18 02:15:27: Epoch: 53
2019-12-18 02:16:15: [TRAIN] Acc: 97.000
2019-12-18 02:16:20: [TEST] Acc: 88.840
2019-12-18 02:16:23: Epoch: 54
2019-12-18 02:17:11: [TRAIN] Acc: 97.062
2019-12-18 02:17:15: [TEST] Acc: 88.580
2019-12-18 02:17:20: Epoch: 55
2019-12-18 02:18:07: [TRAIN] Acc: 97.170
2019-12-18 02:18:12: [TEST] Acc: 88.030
2019-12-18 02:18:20: Epoch: 56
2019-12-18 02:19:08: [TRAIN] Acc: 97.130
2019-12-18 02:19:13: [TEST] Acc: 88.370
2019-12-18 02:19:16: Epoch: 57
2019-12-18 02:20:04: [TRAIN] Acc: 97.132
2019-12-18 02:20:09: [TEST] Acc: 89.230
2019-12-18 02:20:13: Epoch: 58
2019-12-18 02:21:00: [TRAIN] Acc: 97.324
2019-12-18 02:21:05: [TEST] Acc: 88.080
2019-12-18 02:21:09: Epoch: 59
2019-12-18 02:21:56: [TRAIN] Acc: 97.360
2019-12-18 02:22:00: [TEST] Acc: 88.530
2019-12-18 02:22:05: Epoch: 60
2019-12-18 02:22:53: [TRAIN] Acc: 97.288
2019-12-18 02:22:58: [TEST] Acc: 88.250
2019-12-18 02:23:01: Epoch: 61
2019-12-18 02:23:48: [TRAIN] Acc: 97.360
2019-12-18 02:23:52: [TEST] Acc: 88.750
2019-12-18 02:23:54: Epoch: 62
2019-12-18 02:24:41: [TRAIN] Acc: 97.350
2019-12-18 02:24:46: [TEST] Acc: 88.710
2019-12-18 02:24:47: Epoch: 63
2019-12-18 02:25:35: [TRAIN] Acc: 97.606
2019-12-18 02:25:40: [TEST] Acc: 88.080
2019-12-18 02:25:42: Epoch: 64
2019-12-18 02:26:29: [TRAIN] Acc: 97.498
2019-12-18 02:26:34: [TEST] Acc: 88.760
2019-12-18 02:26:38: Epoch: 65
2019-12-18 02:27:26: [TRAIN] Acc: 97.680
2019-12-18 02:27:31: [TEST] Acc: 89.500
2019-12-18 02:27:32: Epoch: 66
2019-12-18 02:28:19: [TRAIN] Acc: 97.648
2019-12-18 02:28:24: [TEST] Acc: 89.740
2019-12-18 02:28:25: Epoch: 67
2019-12-18 02:29:13: [TRAIN] Acc: 97.806
2019-12-18 02:29:17: [TEST] Acc: 89.190
2019-12-18 02:29:19: Epoch: 68
2019-12-18 02:30:06: [TRAIN] Acc: 97.768
2019-12-18 02:30:11: [TEST] Acc: 89.410
2019-12-18 02:30:12: Epoch: 69
2019-12-18 02:31:00: [TRAIN] Acc: 97.738
2019-12-18 02:31:04: [TEST] Acc: 88.860
2019-12-18 02:31:08: Epoch: 70
2019-12-18 02:31:55: [TRAIN] Acc: 97.798
2019-12-18 02:32:00: [TEST] Acc: 88.680
2019-12-18 02:32:04: Epoch: 71
2019-12-18 02:32:51: [TRAIN] Acc: 98.016
2019-12-18 02:32:56: [TEST] Acc: 88.590
2019-12-18 02:33:01: Epoch: 72
2019-12-18 02:33:49: [TRAIN] Acc: 97.722
2019-12-18 02:33:54: [TEST] Acc: 89.450
2019-12-18 02:34:05: Epoch: 73
2019-12-18 02:34:52: [TRAIN] Acc: 98.042
2019-12-18 02:34:57: [TEST] Acc: 89.570
2019-12-18 02:34:58: Epoch: 74
2019-12-18 02:35:45: [TRAIN] Acc: 97.844
2019-12-18 02:35:49: [TEST] Acc: 89.760
2019-12-18 02:35:51: Epoch: 75
2019-12-18 02:36:38: [TRAIN] Acc: 97.908
2019-12-18 02:36:42: [TEST] Acc: 88.900
2019-12-18 02:36:43: Epoch: 76
2019-12-18 02:37:30: [TRAIN] Acc: 97.856
2019-12-18 02:37:35: [TEST] Acc: 89.220
2019-12-18 02:37:37: Epoch: 77
2019-12-18 02:38:24: [TRAIN] Acc: 98.018
2019-12-18 02:38:29: [TEST] Acc: 87.950
2019-12-18 02:38:30: Epoch: 78
2019-12-18 02:39:17: [TRAIN] Acc: 97.980
2019-12-18 02:39:22: [TEST] Acc: 89.530
2019-12-18 02:39:23: Epoch: 79
2019-12-18 02:40:11: [TRAIN] Acc: 98.166
2019-12-18 02:40:16: [TEST] Acc: 89.350
2019-12-18 02:40:17: Epoch: 80
2019-12-18 02:41:05: [TRAIN] Acc: 98.954
2019-12-18 02:41:10: [TEST] Acc: 90.610
2019-12-18 02:41:12: Epoch: 81
2019-12-18 02:41:59: [TRAIN] Acc: 99.274
2019-12-18 02:42:04: [TEST] Acc: 90.890
2019-12-18 02:42:05: Epoch: 82
2019-12-18 02:42:52: [TRAIN] Acc: 99.398
2019-12-18 02:42:56: [TEST] Acc: 90.960
2019-12-18 02:42:58: Epoch: 83
2019-12-18 02:43:45: [TRAIN] Acc: 99.482
2019-12-18 02:43:50: [TEST] Acc: 90.910
2019-12-18 02:43:54: Epoch: 84
2019-12-18 02:44:41: [TRAIN] Acc: 99.500
2019-12-18 02:44:46: [TEST] Acc: 90.840
2019-12-18 02:44:52: Epoch: 85
2019-12-18 02:45:40: [TRAIN] Acc: 99.560
2019-12-18 02:45:44: [TEST] Acc: 90.980
2019-12-18 02:45:52: Epoch: 86
2019-12-18 02:46:40: [TRAIN] Acc: 99.542
2019-12-18 02:46:44: [TEST] Acc: 91.030
2019-12-18 02:46:46: Epoch: 87
2019-12-18 02:47:33: [TRAIN] Acc: 99.638
2019-12-18 02:47:38: [TEST] Acc: 91.260
2019-12-18 02:47:43: Epoch: 88
2019-12-18 02:48:31: [TRAIN] Acc: 99.622
2019-12-18 02:48:35: [TEST] Acc: 90.980
2019-12-18 02:48:43: Epoch: 89
2019-12-18 02:49:31: [TRAIN] Acc: 99.620
2019-12-18 02:49:35: [TEST] Acc: 90.910
2019-12-18 02:49:37: Epoch: 90
2019-12-18 02:50:25: [TRAIN] Acc: 99.678
2019-12-18 02:50:30: [TEST] Acc: 91.070
2019-12-18 02:50:34: Epoch: 91
2019-12-18 02:51:22: [TRAIN] Acc: 99.698
2019-12-18 02:51:26: [TEST] Acc: 91.030
2019-12-18 02:51:31: Epoch: 92
2019-12-18 02:52:19: [TRAIN] Acc: 99.696
2019-12-18 02:52:24: [TEST] Acc: 90.980
2019-12-18 02:52:25: Epoch: 93
2019-12-18 02:53:13: [TRAIN] Acc: 99.696
2019-12-18 02:53:18: [TEST] Acc: 91.120
2019-12-18 02:53:19: Epoch: 94
2019-12-18 02:54:06: [TRAIN] Acc: 99.688
2019-12-18 02:54:11: [TEST] Acc: 91.190
2019-12-18 02:54:15: Epoch: 95
2019-12-18 02:55:01: [TRAIN] Acc: 99.738
2019-12-18 02:55:06: [TEST] Acc: 91.130
2019-12-18 02:55:07: Epoch: 96
2019-12-18 02:55:54: [TRAIN] Acc: 99.706
2019-12-18 02:55:59: [TEST] Acc: 91.250
2019-12-18 02:56:01: Epoch: 97
2019-12-18 02:56:48: [TRAIN] Acc: 99.686
2019-12-18 02:56:53: [TEST] Acc: 91.050
2019-12-18 02:56:54: Epoch: 98
2019-12-18 02:57:41: [TRAIN] Acc: 99.696
2019-12-18 02:57:46: [TEST] Acc: 91.050
2019-12-18 02:57:50: Epoch: 99
2019-12-18 02:58:37: [TRAIN] Acc: 99.732
2019-12-18 02:58:42: [TEST] Acc: 91.050
2019-12-18 02:58:46: Epoch: 100
2019-12-18 02:59:32: [TRAIN] Acc: 99.752
2019-12-18 02:59:37: [TEST] Acc: 90.880
2019-12-18 02:59:41: Epoch: 101
2019-12-18 03:00:28: [TRAIN] Acc: 99.710
2019-12-18 03:00:33: [TEST] Acc: 90.990
2019-12-18 03:00:34: Epoch: 102
2019-12-18 03:01:22: [TRAIN] Acc: 99.756
2019-12-18 03:01:27: [TEST] Acc: 91.380
2019-12-18 03:01:28: Epoch: 103
2019-12-18 03:02:16: [TRAIN] Acc: 99.740
2019-12-18 03:02:20: [TEST] Acc: 91.150
2019-12-18 03:02:26: Epoch: 104
2019-12-18 03:03:13: [TRAIN] Acc: 99.780
2019-12-18 03:03:18: [TEST] Acc: 91.250
2019-12-18 03:03:20: Epoch: 105
2019-12-18 03:04:07: [TRAIN] Acc: 99.792
2019-12-18 03:04:12: [TEST] Acc: 91.350
2019-12-18 03:04:14: Epoch: 106
2019-12-18 03:05:01: [TRAIN] Acc: 99.756
2019-12-18 03:05:06: [TEST] Acc: 91.170
2019-12-18 03:05:10: Epoch: 107
2019-12-18 03:05:57: [TRAIN] Acc: 99.806
2019-12-18 03:06:02: [TEST] Acc: 91.410
2019-12-18 03:06:03: Epoch: 108
2019-12-18 03:06:50: [TRAIN] Acc: 99.790
2019-12-18 03:06:55: [TEST] Acc: 91.420
2019-12-18 03:06:56: Epoch: 109
2019-12-18 03:07:42: [TRAIN] Acc: 99.832
2019-12-18 03:07:46: [TEST] Acc: 91.220
2019-12-18 03:07:48: Epoch: 110
2019-12-18 03:08:34: [TRAIN] Acc: 99.788
2019-12-18 03:08:39: [TEST] Acc: 91.480
2019-12-18 03:08:40: Epoch: 111
2019-12-18 03:09:27: [TRAIN] Acc: 99.796
2019-12-18 03:09:32: [TEST] Acc: 91.180
2019-12-18 03:09:34: Epoch: 112
2019-12-18 03:10:21: [TRAIN] Acc: 99.778
2019-12-18 03:10:26: [TEST] Acc: 91.010
2019-12-18 03:10:27: Epoch: 113
2019-12-18 03:11:38: [TRAIN] Acc: 99.814
2019-12-18 03:11:42: [TEST] Acc: 91.140
2019-12-18 03:11:44: Epoch: 114
2019-12-18 03:12:31: [TRAIN] Acc: 99.838
2019-12-18 03:12:35: [TEST] Acc: 91.140
2019-12-18 03:12:36: Epoch: 115
2019-12-18 03:13:23: [TRAIN] Acc: 99.814
2019-12-18 03:13:28: [TEST] Acc: 91.150
2019-12-18 03:13:30: Epoch: 116
2019-12-18 03:14:17: [TRAIN] Acc: 99.816
2019-12-18 03:14:21: [TEST] Acc: 91.050
2019-12-18 03:14:24: Epoch: 117
2019-12-18 03:15:10: [TRAIN] Acc: 99.824
2019-12-18 03:15:15: [TEST] Acc: 91.220
2019-12-18 03:15:17: Epoch: 118
2019-12-18 03:16:04: [TRAIN] Acc: 99.800
2019-12-18 03:16:09: [TEST] Acc: 91.610
2019-12-18 03:16:10: Epoch: 119
2019-12-18 03:16:57: [TRAIN] Acc: 99.822
2019-12-18 03:17:02: [TEST] Acc: 91.350
2019-12-18 03:17:03: Epoch: 120
2019-12-18 03:17:50: [TRAIN] Acc: 99.822
2019-12-18 03:17:55: [TEST] Acc: 91.180
2019-12-18 03:17:56: Epoch: 121
2019-12-18 03:18:44: [TRAIN] Acc: 99.816
2019-12-18 03:18:49: [TEST] Acc: 91.350
2019-12-18 03:19:00: Epoch: 122
2019-12-18 03:19:47: [TRAIN] Acc: 99.830
2019-12-18 03:19:52: [TEST] Acc: 91.130
2019-12-18 03:19:53: Epoch: 123
2019-12-18 03:20:40: [TRAIN] Acc: 99.838
2019-12-18 03:20:45: [TEST] Acc: 91.360
2019-12-18 03:20:46: Epoch: 124
2019-12-18 03:21:34: [TRAIN] Acc: 99.832
2019-12-18 03:21:39: [TEST] Acc: 91.270
2019-12-18 03:21:40: Epoch: 125
2019-12-18 03:22:28: [TRAIN] Acc: 99.856
2019-12-18 03:22:32: [TEST] Acc: 91.150
2019-12-18 03:22:35: Epoch: 126
2019-12-18 03:23:23: [TRAIN] Acc: 99.862
2019-12-18 03:23:27: [TEST] Acc: 91.120
2019-12-18 03:23:32: Epoch: 127
2019-12-18 03:24:20: [TRAIN] Acc: 99.856
2019-12-18 03:24:24: [TEST] Acc: 91.350
2019-12-18 03:24:29: Epoch: 128
2019-12-18 03:25:16: [TRAIN] Acc: 99.818
2019-12-18 03:25:21: [TEST] Acc: 91.370
2019-12-18 03:25:23: Epoch: 129
2019-12-18 03:26:10: [TRAIN] Acc: 99.836
2019-12-18 03:26:15: [TEST] Acc: 91.180
2019-12-18 03:26:16: Epoch: 130
2019-12-18 03:27:04: [TRAIN] Acc: 99.870
2019-12-18 03:27:09: [TEST] Acc: 91.380
2019-12-18 03:27:13: Epoch: 131
2019-12-18 03:28:01: [TRAIN] Acc: 99.858
2019-12-18 03:28:05: [TEST] Acc: 91.550
2019-12-18 03:28:07: Epoch: 132
2019-12-18 03:28:54: [TRAIN] Acc: 99.858
2019-12-18 03:28:59: [TEST] Acc: 91.420
2019-12-18 03:29:01: Epoch: 133
2019-12-18 03:29:49: [TRAIN] Acc: 99.872
2019-12-18 03:29:53: [TEST] Acc: 91.300
2019-12-18 03:29:54: Epoch: 134
2019-12-18 03:30:42: [TRAIN] Acc: 99.830
2019-12-18 03:30:46: [TEST] Acc: 90.990
2019-12-18 03:30:51: Epoch: 135
2019-12-18 03:31:38: [TRAIN] Acc: 99.838
2019-12-18 03:31:43: [TEST] Acc: 91.090
2019-12-18 03:31:47: Epoch: 136
2019-12-18 03:32:32: [TRAIN] Acc: 99.846
2019-12-18 03:32:57: [TEST] Acc: 91.230
2019-12-18 03:32:58: Epoch: 137
2019-12-18 03:33:45: [TRAIN] Acc: 99.868
2019-12-18 03:33:50: [TEST] Acc: 91.170
2019-12-18 03:33:51: Epoch: 138
2019-12-18 03:34:39: [TRAIN] Acc: 99.880
2019-12-18 03:34:43: [TEST] Acc: 91.360
2019-12-18 03:34:46: Epoch: 139
2019-12-18 03:35:34: [TRAIN] Acc: 99.874
2019-12-18 03:35:38: [TEST] Acc: 91.260
2019-12-18 03:35:40: Epoch: 140
2019-12-18 03:36:28: [TRAIN] Acc: 99.864
2019-12-18 03:36:32: [TEST] Acc: 91.580
2019-12-18 03:36:34: Epoch: 141
2019-12-18 03:37:21: [TRAIN] Acc: 99.882
2019-12-18 03:37:26: [TEST] Acc: 91.780
2019-12-18 03:37:27: Epoch: 142
2019-12-18 03:38:16: [TRAIN] Acc: 99.894
2019-12-18 03:38:28: [TEST] Acc: 91.340
2019-12-18 03:38:32: Epoch: 143
2019-12-18 03:39:19: [TRAIN] Acc: 99.920
2019-12-18 03:39:24: [TEST] Acc: 91.710
2019-12-18 03:39:25: Epoch: 144
2019-12-18 03:40:12: [TRAIN] Acc: 99.898
2019-12-18 03:40:17: [TEST] Acc: 91.320
2019-12-18 03:40:21: Epoch: 145
2019-12-18 03:41:08: [TRAIN] Acc: 99.894
2019-12-18 03:41:13: [TEST] Acc: 91.320
2019-12-18 03:41:19: Epoch: 146
2019-12-18 03:42:06: [TRAIN] Acc: 99.932
2019-12-18 03:42:11: [TEST] Acc: 91.280
2019-12-18 03:42:12: Epoch: 147
2019-12-18 03:42:59: [TRAIN] Acc: 99.904
2019-12-18 03:43:04: [TEST] Acc: 91.450
2019-12-18 03:43:05: Epoch: 148
2019-12-18 03:43:54: [TRAIN] Acc: 99.908
2019-12-18 03:43:58: [TEST] Acc: 91.370
2019-12-18 03:44:02: Epoch: 149
2019-12-18 03:44:49: [TRAIN] Acc: 99.908
2019-12-18 03:44:53: [TEST] Acc: 91.630
2019-12-18 03:44:55: Epoch: 150
2019-12-18 03:45:42: [TRAIN] Acc: 99.910
2019-12-18 03:45:47: [TEST] Acc: 91.530
2019-12-18 03:45:51: Epoch: 151
2019-12-18 03:46:38: [TRAIN] Acc: 99.914
2019-12-18 03:46:43: [TEST] Acc: 91.520
2019-12-18 03:46:47: Epoch: 152
2019-12-18 03:47:35: [TRAIN] Acc: 99.894
2019-12-18 03:47:39: [TEST] Acc: 91.330
2019-12-18 03:47:41: Epoch: 153
2019-12-18 03:48:27: [TRAIN] Acc: 99.908
2019-12-18 03:48:32: [TEST] Acc: 91.540
2019-12-18 03:48:36: Epoch: 154
2019-12-18 03:49:22: [TRAIN] Acc: 99.912
2019-12-18 03:49:27: [TEST] Acc: 91.570
2019-12-18 03:49:29: Epoch: 155
2019-12-18 03:50:17: [TRAIN] Acc: 99.902
2019-12-18 03:50:21: [TEST] Acc: 91.500
2019-12-18 03:50:23: Epoch: 156
2019-12-18 03:51:11: [TRAIN] Acc: 99.932
2019-12-18 03:51:16: [TEST] Acc: 91.650
2019-12-18 03:51:23: Epoch: 157
2019-12-18 03:52:10: [TRAIN] Acc: 99.902
2019-12-18 03:52:14: [TEST] Acc: 91.470
2019-12-18 03:52:19: Epoch: 158
2019-12-18 03:53:06: [TRAIN] Acc: 99.924
2019-12-18 03:53:11: [TEST] Acc: 91.480
2019-12-18 03:53:12: Epoch: 159
2019-12-18 03:53:59: [TRAIN] Acc: 99.912
2019-12-18 03:54:04: [TEST] Acc: 91.530
2019-12-18 03:54:05: Epoch: 160
2019-12-18 03:54:53: [TRAIN] Acc: 99.918
2019-12-18 03:54:57: [TEST] Acc: 91.570
2019-12-18 03:55:12: Epoch: 161
2019-12-18 03:55:59: [TRAIN] Acc: 99.930
2019-12-18 03:56:03: [TEST] Acc: 91.650
2019-12-18 03:56:05: Epoch: 162
2019-12-18 03:56:52: [TRAIN] Acc: 99.940
2019-12-18 03:56:57: [TEST] Acc: 91.640
2019-12-18 03:57:02: Epoch: 163
2019-12-18 03:57:49: [TRAIN] Acc: 99.922
2019-12-18 03:57:54: [TEST] Acc: 91.560
2019-12-18 03:57:58: Epoch: 164
2019-12-18 03:58:45: [TRAIN] Acc: 99.908
2019-12-18 03:58:50: [TEST] Acc: 91.370
2019-12-18 03:58:54: Epoch: 165
2019-12-18 03:59:42: [TRAIN] Acc: 99.934
2019-12-18 03:59:47: [TEST] Acc: 91.710
2019-12-18 03:59:48: Epoch: 166
2019-12-18 04:00:35: [TRAIN] Acc: 99.932
2019-12-18 04:00:40: [TEST] Acc: 91.450
2019-12-18 04:00:42: Epoch: 167
2019-12-18 04:01:29: [TRAIN] Acc: 99.928
2019-12-18 04:01:34: [TEST] Acc: 91.440
2019-12-18 04:01:35: Epoch: 168
2019-12-18 04:02:23: [TRAIN] Acc: 99.920
2019-12-18 04:02:27: [TEST] Acc: 91.470
2019-12-18 04:02:29: Epoch: 169
2019-12-18 04:03:16: [TRAIN] Acc: 99.944
2019-12-18 04:03:24: [TEST] Acc: 91.360
2019-12-18 04:03:26: Epoch: 170
2019-12-18 04:04:13: [TRAIN] Acc: 99.918
2019-12-18 04:04:18: [TEST] Acc: 91.470
2019-12-18 04:04:20: Epoch: 171
2019-12-18 04:05:08: [TRAIN] Acc: 99.936
2019-12-18 04:05:13: [TEST] Acc: 91.580
2019-12-18 04:05:16: Epoch: 172
2019-12-18 04:06:04: [TRAIN] Acc: 99.930
2019-12-18 04:06:08: [TEST] Acc: 91.710
2019-12-18 04:06:09: Epoch: 173
2019-12-18 04:06:57: [TRAIN] Acc: 99.952
2019-12-18 04:07:01: [TEST] Acc: 91.460
2019-12-18 04:07:03: Epoch: 174
2019-12-18 04:07:50: [TRAIN] Acc: 99.934
2019-12-18 04:07:55: [TEST] Acc: 91.350
2019-12-18 04:07:59: Epoch: 175
2019-12-18 04:08:46: [TRAIN] Acc: 99.908
2019-12-18 04:08:51: [TEST] Acc: 91.390
2019-12-18 04:08:53: Epoch: 176
2019-12-18 04:09:40: [TRAIN] Acc: 99.912
2019-12-18 04:09:45: [TEST] Acc: 91.470
2019-12-18 04:09:48: Epoch: 177
2019-12-18 04:10:34: [TRAIN] Acc: 99.944
2019-12-18 04:10:39: [TEST] Acc: 91.420
2019-12-18 04:10:41: Epoch: 178
2019-12-18 04:11:28: [TRAIN] Acc: 99.942
2019-12-18 04:11:33: [TEST] Acc: 91.350
2019-12-18 04:11:38: Epoch: 179
2019-12-18 04:12:25: [TRAIN] Acc: 99.936
2019-12-18 04:12:29: [TEST] Acc: 91.360
2019-12-18 04:12:31: Epoch: 180
2019-12-18 04:13:18: [TRAIN] Acc: 99.938
2019-12-18 04:13:23: [TEST] Acc: 91.610
2019-12-18 04:13:25: Epoch: 181
2019-12-18 04:14:13: [TRAIN] Acc: 99.924
2019-12-18 04:14:18: [TEST] Acc: 91.560
2019-12-18 04:14:19: Epoch: 182
2019-12-18 04:15:07: [TRAIN] Acc: 99.954
2019-12-18 04:15:11: [TEST] Acc: 91.450
2019-12-18 04:15:12: Epoch: 183
2019-12-18 04:16:00: [TRAIN] Acc: 99.934
2019-12-18 04:16:04: [TEST] Acc: 91.680
2019-12-18 04:16:06: Epoch: 184
2019-12-18 04:16:54: [TRAIN] Acc: 99.952
2019-12-18 04:16:58: [TEST] Acc: 91.590
2019-12-18 04:17:00: Epoch: 185
2019-12-18 04:17:48: [TRAIN] Acc: 99.944
2019-12-18 04:17:53: [TEST] Acc: 91.500
2019-12-18 04:17:54: Epoch: 186
2019-12-18 04:18:39: [TRAIN] Acc: 99.936
2019-12-18 04:18:44: [TEST] Acc: 91.760
2019-12-18 04:18:45: Epoch: 187
2019-12-18 04:19:32: [TRAIN] Acc: 99.938
2019-12-18 04:19:36: [TEST] Acc: 91.760
2019-12-18 04:19:38: Epoch: 188
2019-12-18 04:20:26: [TRAIN] Acc: 99.942
2019-12-18 04:20:30: [TEST] Acc: 91.330
2019-12-18 04:20:32: Epoch: 189
2019-12-18 04:21:19: [TRAIN] Acc: 99.926
2019-12-18 04:21:24: [TEST] Acc: 91.550
2019-12-18 04:21:25: Epoch: 190
2019-12-18 04:22:13: [TRAIN] Acc: 99.920
2019-12-18 04:22:17: [TEST] Acc: 91.330
2019-12-18 04:22:19: Epoch: 191
2019-12-18 04:23:06: [TRAIN] Acc: 99.938
2019-12-18 04:23:11: [TEST] Acc: 91.590
2019-12-18 04:23:14: Epoch: 192
2019-12-18 04:24:00: [TRAIN] Acc: 99.936
2019-12-18 04:24:05: [TEST] Acc: 91.590
2019-12-18 04:24:06: Epoch: 193
2019-12-18 04:24:54: [TRAIN] Acc: 99.950
2019-12-18 04:24:58: [TEST] Acc: 91.490
2019-12-18 04:25:00: Epoch: 194
2019-12-18 04:25:47: [TRAIN] Acc: 99.952
2019-12-18 04:25:52: [TEST] Acc: 91.460
2019-12-18 04:26:07: Epoch: 195
2019-12-18 04:26:53: [TRAIN] Acc: 99.940
2019-12-18 04:26:58: [TEST] Acc: 91.610
2019-12-18 04:26:59: Epoch: 196
2019-12-18 04:27:46: [TRAIN] Acc: 99.952
2019-12-18 04:27:51: [TEST] Acc: 91.800
2019-12-18 04:27:53: Epoch: 197
2019-12-18 04:28:40: [TRAIN] Acc: 99.916
2019-12-18 04:28:45: [TEST] Acc: 91.520
2019-12-18 04:28:55: Epoch: 198
2019-12-18 04:29:42: [TRAIN] Acc: 99.932
2019-12-18 04:29:47: [TEST] Acc: 91.490
2019-12-18 04:29:48: Epoch: 199
2019-12-18 04:30:35: [TRAIN] Acc: 99.938
2019-12-18 04:30:40: [TEST] Acc: 91.530
