2019-12-19 17:26:39: - lr: 0.01
2019-12-19 17:26:39: - steps: 10
2019-12-19 17:26:39: - max_norm: 0.03125
2019-12-19 17:26:39: - data: cifar10
2019-12-19 17:26:39: - model: vgg
2019-12-19 17:26:39: - root: /dvmm-filer2/datasets/CIFAR/
2019-12-19 17:26:39: - model_out: ./checkpoint/cifar10_vgg_adv_sgldm_laplace_0.001.pth
2019-12-19 17:26:39: - optim: sgldm
2019-12-19 17:26:39: - noise_std: 0.001
2019-12-19 17:26:39: - resume: False
2019-12-19 17:26:39: - noise_type: laplace
2019-12-19 17:26:39: ==> Preparing data..
2019-12-19 17:26:49: Epoch: 0
2019-12-19 17:30:42: [TRAIN] Acc: 21.352, Loss: 2.057
2019-12-19 17:30:44: [TEST] Acc: 37.620
2019-12-19 17:30:45: Epoch: 1
2019-12-19 17:36:32: [TRAIN] Acc: 27.042, Loss: 2.015
2019-12-19 17:36:35: [TEST] Acc: 43.620
2019-12-19 17:36:36: Epoch: 2
2019-12-19 17:43:44: [TRAIN] Acc: 29.572, Loss: 1.693
2019-12-19 17:43:47: [TEST] Acc: 49.390
2019-12-19 17:43:48: Epoch: 3
2019-12-19 17:52:15: [TRAIN] Acc: 31.566, Loss: 1.802
2019-12-19 17:52:18: [TEST] Acc: 50.780
2019-12-19 17:52:19: Epoch: 4
2019-12-19 18:00:50: [TRAIN] Acc: 33.402, Loss: 1.714
2019-12-19 18:00:53: [TEST] Acc: 55.360
2019-12-19 18:00:53: Epoch: 5
2019-12-19 18:09:32: [TRAIN] Acc: 34.830, Loss: 1.641
2019-12-19 18:09:36: [TEST] Acc: 56.050
2019-12-19 18:09:36: Epoch: 6
2019-12-19 18:18:10: [TRAIN] Acc: 35.978, Loss: 1.712
2019-12-19 18:18:13: [TEST] Acc: 58.720
2019-12-19 18:18:13: Epoch: 7
2019-12-19 18:26:25: [TRAIN] Acc: 36.828, Loss: 1.525
2019-12-19 18:26:29: [TEST] Acc: 60.250
2019-12-19 18:26:30: Epoch: 8
2019-12-19 18:34:37: [TRAIN] Acc: 37.664, Loss: 1.664
2019-12-19 18:34:40: [TEST] Acc: 61.080
2019-12-19 18:34:41: Epoch: 9
2019-12-19 18:42:53: [TRAIN] Acc: 38.420, Loss: 1.629
2019-12-19 18:42:56: [TEST] Acc: 62.030
2019-12-19 18:42:57: Epoch: 10
2019-12-19 18:51:26: [TRAIN] Acc: 39.270, Loss: 1.707
2019-12-19 18:51:28: [TEST] Acc: 62.320
2019-12-19 18:51:29: Epoch: 11
2019-12-19 18:59:56: [TRAIN] Acc: 40.154, Loss: 1.781
2019-12-19 19:00:00: [TEST] Acc: 62.240
2019-12-19 19:00:22: Epoch: 12
2019-12-19 19:08:51: [TRAIN] Acc: 40.450, Loss: 1.733
2019-12-19 19:08:54: [TEST] Acc: 64.190
2019-12-19 19:08:55: Epoch: 13
2019-12-19 19:17:24: [TRAIN] Acc: 41.336, Loss: 1.602
2019-12-19 19:17:28: [TEST] Acc: 62.400
2019-12-19 19:17:29: Epoch: 14
2019-12-19 19:25:59: [TRAIN] Acc: 41.766, Loss: 1.450
2019-12-19 19:26:03: [TEST] Acc: 66.020
2019-12-19 19:26:03: Epoch: 15
2019-12-19 19:34:30: [TRAIN] Acc: 42.232, Loss: 1.506
2019-12-19 19:34:33: [TEST] Acc: 67.570
2019-12-19 19:34:33: Epoch: 16
2019-12-19 19:42:57: [TRAIN] Acc: 42.870, Loss: 1.482
2019-12-19 19:43:00: [TEST] Acc: 66.550
2019-12-19 19:43:01: Epoch: 17
2019-12-19 19:51:23: [TRAIN] Acc: 43.294, Loss: 1.520
2019-12-19 19:51:26: [TEST] Acc: 66.580
2019-12-19 19:51:27: Epoch: 18
2019-12-19 20:00:09: [TRAIN] Acc: 43.718, Loss: 1.493
2019-12-19 20:00:12: [TEST] Acc: 68.660
2019-12-19 20:00:13: Epoch: 19
2019-12-19 20:09:59: [TRAIN] Acc: 44.174, Loss: 1.291
2019-12-19 20:10:01: [TEST] Acc: 69.210
2019-12-19 20:10:02: Epoch: 20
2019-12-19 20:19:41: [TRAIN] Acc: 44.728, Loss: 1.417
2019-12-19 20:19:43: [TEST] Acc: 67.850
2019-12-19 20:19:44: Epoch: 21
2019-12-19 20:26:48: [TRAIN] Acc: 44.880, Loss: 1.286
2019-12-19 20:26:50: [TEST] Acc: 69.250
2019-12-19 20:26:50: Epoch: 22
2019-12-19 20:30:54: [TRAIN] Acc: 45.026, Loss: 1.580
2019-12-19 20:30:56: [TEST] Acc: 67.750
2019-12-19 20:30:58: Epoch: 23
2019-12-19 20:35:01: [TRAIN] Acc: 45.440, Loss: 1.352
2019-12-19 20:35:03: [TEST] Acc: 69.860
2019-12-19 20:35:04: Epoch: 24
2019-12-19 20:39:08: [TRAIN] Acc: 45.888, Loss: 1.586
2019-12-19 20:39:10: [TEST] Acc: 70.200
2019-12-19 20:39:10: Epoch: 25
2019-12-19 20:43:14: [TRAIN] Acc: 46.302, Loss: 1.490
2019-12-19 20:43:15: [TEST] Acc: 68.860
2019-12-19 20:43:16: Epoch: 26
2019-12-19 20:47:09: [TRAIN] Acc: 46.396, Loss: 1.389
2019-12-19 20:47:10: [TEST] Acc: 68.010
2019-12-19 20:47:11: Epoch: 27
2019-12-19 20:51:11: [TRAIN] Acc: 46.904, Loss: 1.377
2019-12-19 20:51:12: [TEST] Acc: 70.580
2019-12-19 20:51:13: Epoch: 28
2019-12-19 20:55:14: [TRAIN] Acc: 47.120, Loss: 1.805
2019-12-19 20:55:15: [TEST] Acc: 71.930
2019-12-19 20:55:16: Epoch: 29
2019-12-19 20:59:17: [TRAIN] Acc: 47.168, Loss: 1.307
2019-12-19 20:59:18: [TEST] Acc: 71.970
2019-12-19 20:59:19: Epoch: 30
2019-12-19 21:03:13: [TRAIN] Acc: 47.670, Loss: 1.550
2019-12-19 21:03:15: [TEST] Acc: 69.110
2019-12-19 21:03:15: Epoch: 31
2019-12-19 21:07:16: [TRAIN] Acc: 47.892, Loss: 1.228
2019-12-19 21:07:17: [TEST] Acc: 70.010
2019-12-19 21:07:18: Epoch: 32
2019-12-19 21:11:24: [TRAIN] Acc: 48.176, Loss: 1.089
2019-12-19 21:11:26: [TEST] Acc: 72.430
2019-12-19 21:11:26: Epoch: 33
2019-12-19 21:15:25: [TRAIN] Acc: 48.164, Loss: 1.490
2019-12-19 21:15:26: [TEST] Acc: 72.980
2019-12-19 21:15:27: Epoch: 34
2019-12-19 21:19:20: [TRAIN] Acc: 48.514, Loss: 1.150
2019-12-19 21:19:21: [TEST] Acc: 71.160
2019-12-19 21:19:22: Epoch: 35
2019-12-19 21:23:20: [TRAIN] Acc: 48.818, Loss: 1.236
2019-12-19 21:23:22: [TEST] Acc: 72.110
2019-12-19 21:23:23: Epoch: 36
2019-12-19 21:27:21: [TRAIN] Acc: 49.116, Loss: 1.362
2019-12-19 21:27:23: [TEST] Acc: 72.890
2019-12-19 21:27:24: Epoch: 37
2019-12-19 21:31:17: [TRAIN] Acc: 49.004, Loss: 1.360
2019-12-19 21:31:18: [TEST] Acc: 73.610
2019-12-19 21:31:19: Epoch: 38
2019-12-19 21:35:20: [TRAIN] Acc: 49.610, Loss: 1.406
2019-12-19 21:35:21: [TEST] Acc: 73.610
2019-12-19 21:35:21: Epoch: 39
2019-12-19 21:39:16: [TRAIN] Acc: 49.494, Loss: 1.352
2019-12-19 21:39:18: [TEST] Acc: 72.510
2019-12-19 21:39:19: Epoch: 40
2019-12-19 21:43:11: [TRAIN] Acc: 49.690, Loss: 1.296
2019-12-19 21:43:13: [TEST] Acc: 72.920
2019-12-19 21:43:14: Epoch: 41
2019-12-19 21:47:08: [TRAIN] Acc: 50.394, Loss: 1.313
2019-12-19 21:47:09: [TEST] Acc: 71.060
2019-12-19 21:47:10: Epoch: 42
2019-12-19 21:50:58: [TRAIN] Acc: 50.302, Loss: 1.211
2019-12-19 21:50:59: [TEST] Acc: 72.950
2019-12-19 21:50:59: Epoch: 43
2019-12-19 21:55:01: [TRAIN] Acc: 50.642, Loss: 1.160
2019-12-19 21:55:03: [TEST] Acc: 73.020
2019-12-19 21:55:03: Epoch: 44
2019-12-19 21:58:59: [TRAIN] Acc: 50.608, Loss: 1.409
2019-12-19 21:59:01: [TEST] Acc: 75.750
2019-12-19 21:59:01: Epoch: 45
2019-12-19 22:02:54: [TRAIN] Acc: 50.812, Loss: 1.543
2019-12-19 22:02:56: [TEST] Acc: 73.880
2019-12-19 22:02:56: Epoch: 46
2019-12-19 22:06:45: [TRAIN] Acc: 50.906, Loss: 1.166
2019-12-19 22:06:46: [TEST] Acc: 74.770
2019-12-19 22:06:46: Epoch: 47
2019-12-19 22:10:34: [TRAIN] Acc: 51.356, Loss: 1.198
2019-12-19 22:10:36: [TEST] Acc: 73.260
2019-12-19 22:10:36: Epoch: 48
2019-12-19 22:14:30: [TRAIN] Acc: 51.486, Loss: 1.417
2019-12-19 22:14:31: [TEST] Acc: 73.240
2019-12-19 22:14:33: Epoch: 49
2019-12-19 22:18:25: [TRAIN] Acc: 51.506, Loss: 1.420
2019-12-19 22:18:26: [TEST] Acc: 74.510
2019-12-19 22:18:26: Epoch: 50
2019-12-19 22:22:08: [TRAIN] Acc: 51.688, Loss: 1.249
2019-12-19 22:22:10: [TEST] Acc: 74.170
2019-12-19 22:22:10: Epoch: 51
2019-12-19 22:26:08: [TRAIN] Acc: 51.972, Loss: 1.152
2019-12-19 22:26:10: [TEST] Acc: 74.330
2019-12-19 22:26:10: Epoch: 52
2019-12-19 22:30:12: [TRAIN] Acc: 52.002, Loss: 1.328
2019-12-19 22:30:14: [TEST] Acc: 73.380
2019-12-19 22:30:14: Epoch: 53
2019-12-19 22:34:07: [TRAIN] Acc: 52.158, Loss: 1.226
2019-12-19 22:34:08: [TEST] Acc: 74.240
2019-12-19 22:34:09: Epoch: 54
2019-12-19 22:38:01: [TRAIN] Acc: 52.296, Loss: 1.100
2019-12-19 22:38:02: [TEST] Acc: 76.290
2019-12-19 22:38:02: Epoch: 55
2019-12-19 22:41:58: [TRAIN] Acc: 52.470, Loss: 1.316
2019-12-19 22:41:59: [TEST] Acc: 74.920
2019-12-19 22:42:00: Epoch: 56
2019-12-19 22:46:04: [TRAIN] Acc: 52.716, Loss: 1.142
2019-12-19 22:46:05: [TEST] Acc: 75.560
2019-12-19 22:46:06: Epoch: 57
2019-12-19 22:49:59: [TRAIN] Acc: 52.978, Loss: 1.332
2019-12-19 22:50:00: [TEST] Acc: 76.660
2019-12-19 22:50:01: Epoch: 58
2019-12-19 22:54:00: [TRAIN] Acc: 53.062, Loss: 1.055
2019-12-19 22:54:01: [TEST] Acc: 74.680
2019-12-19 22:54:02: Epoch: 59
2019-12-19 22:57:55: [TRAIN] Acc: 53.136, Loss: 1.224
2019-12-19 22:57:57: [TEST] Acc: 75.740
2019-12-19 22:57:57: Epoch: 60
2019-12-19 23:01:59: [TRAIN] Acc: 53.538, Loss: 1.358
2019-12-19 23:02:01: [TEST] Acc: 75.430
2019-12-19 23:02:01: Epoch: 61
2019-12-19 23:05:55: [TRAIN] Acc: 53.808, Loss: 1.326
2019-12-19 23:05:56: [TEST] Acc: 75.540
2019-12-19 23:05:57: Epoch: 62
2019-12-19 23:09:57: [TRAIN] Acc: 53.862, Loss: 1.218
2019-12-19 23:09:58: [TEST] Acc: 76.030
2019-12-19 23:09:59: Epoch: 63
2019-12-19 23:13:54: [TRAIN] Acc: 53.978, Loss: 1.154
2019-12-19 23:13:56: [TEST] Acc: 76.610
2019-12-19 23:13:57: Epoch: 64
2019-12-19 23:18:00: [TRAIN] Acc: 53.868, Loss: 1.284
2019-12-19 23:18:01: [TEST] Acc: 75.370
2019-12-19 23:18:01: Epoch: 65
2019-12-19 23:21:59: [TRAIN] Acc: 54.180, Loss: 1.185
2019-12-19 23:22:00: [TEST] Acc: 75.640
2019-12-19 23:22:01: Epoch: 66
2019-12-19 23:26:02: [TRAIN] Acc: 54.602, Loss: 1.260
2019-12-19 23:26:03: [TEST] Acc: 76.000
2019-12-19 23:26:04: Epoch: 67
2019-12-19 23:30:05: [TRAIN] Acc: 54.354, Loss: 1.049
2019-12-19 23:30:06: [TEST] Acc: 76.780
2019-12-19 23:30:07: Epoch: 68
2019-12-19 23:34:11: [TRAIN] Acc: 54.698, Loss: 0.987
2019-12-19 23:34:13: [TEST] Acc: 75.570
2019-12-19 23:34:13: Epoch: 69
2019-12-19 23:38:15: [TRAIN] Acc: 54.922, Loss: 1.036
2019-12-19 23:38:16: [TEST] Acc: 75.440
2019-12-19 23:38:17: Epoch: 70
2019-12-19 23:42:11: [TRAIN] Acc: 54.896, Loss: 1.035
2019-12-19 23:42:12: [TEST] Acc: 75.470
2019-12-19 23:42:13: Epoch: 71
2019-12-19 23:46:07: [TRAIN] Acc: 55.280, Loss: 1.390
2019-12-19 23:46:08: [TEST] Acc: 75.090
2019-12-19 23:46:08: Epoch: 72
2019-12-19 23:50:09: [TRAIN] Acc: 55.590, Loss: 1.134
2019-12-19 23:50:10: [TEST] Acc: 77.100
2019-12-19 23:50:10: Epoch: 73
2019-12-19 23:54:07: [TRAIN] Acc: 55.410, Loss: 1.145
2019-12-19 23:54:08: [TEST] Acc: 76.280
2019-12-19 23:54:09: Epoch: 74
2019-12-19 23:58:06: [TRAIN] Acc: 55.530, Loss: 1.133
2019-12-19 23:58:07: [TEST] Acc: 75.260
2019-12-19 23:58:08: Epoch: 75
2019-12-20 00:02:09: [TRAIN] Acc: 55.692, Loss: 0.991
2019-12-20 00:02:10: [TEST] Acc: 76.230
2019-12-20 00:02:11: Epoch: 76
2019-12-20 00:06:08: [TRAIN] Acc: 55.636, Loss: 1.132
2019-12-20 00:06:10: [TEST] Acc: 75.610
2019-12-20 00:06:10: Epoch: 77
2019-12-20 00:10:04: [TRAIN] Acc: 55.880, Loss: 1.125
2019-12-20 00:10:06: [TEST] Acc: 76.760
2019-12-20 00:10:06: Epoch: 78
2019-12-20 00:14:07: [TRAIN] Acc: 56.318, Loss: 1.145
2019-12-20 00:14:09: [TEST] Acc: 76.290
2019-12-20 00:14:09: Epoch: 79
2019-12-20 00:18:12: [TRAIN] Acc: 56.312, Loss: 1.099
2019-12-20 00:18:13: [TEST] Acc: 76.570
2019-12-20 00:18:14: Epoch: 80
2019-12-20 00:21:56: [TRAIN] Acc: 59.742, Loss: 0.888
2019-12-20 00:21:58: [TEST] Acc: 78.720
2019-12-20 00:21:58: Epoch: 81
2019-12-20 00:25:43: [TRAIN] Acc: 60.740, Loss: 0.758
2019-12-20 00:25:44: [TEST] Acc: 79.190
2019-12-20 00:25:45: Epoch: 82
2019-12-20 00:29:36: [TRAIN] Acc: 61.612, Loss: 1.071
2019-12-20 00:29:37: [TEST] Acc: 79.230
2019-12-20 00:29:37: Epoch: 83
2019-12-20 00:33:43: [TRAIN] Acc: 61.878, Loss: 1.031
2019-12-20 00:33:44: [TEST] Acc: 79.070
2019-12-20 00:33:45: Epoch: 84
2019-12-20 00:37:39: [TRAIN] Acc: 61.992, Loss: 0.763
2019-12-20 00:37:40: [TEST] Acc: 79.690
2019-12-20 00:37:41: Epoch: 85
2019-12-20 00:41:35: [TRAIN] Acc: 62.412, Loss: 0.998
2019-12-20 00:41:40: [TEST] Acc: 79.700
2019-12-20 00:41:44: Epoch: 86
2019-12-20 00:45:45: [TRAIN] Acc: 62.732, Loss: 0.927
2019-12-20 00:45:46: [TEST] Acc: 79.460
2019-12-20 00:45:47: Epoch: 87
2019-12-20 00:49:43: [TRAIN] Acc: 62.918, Loss: 0.891
2019-12-20 00:49:45: [TEST] Acc: 79.460
2019-12-20 00:49:46: Epoch: 88
2019-12-20 00:53:45: [TRAIN] Acc: 63.154, Loss: 0.844
2019-12-20 00:53:46: [TEST] Acc: 79.220
2019-12-20 00:53:47: Epoch: 89
2019-12-20 00:57:44: [TRAIN] Acc: 63.300, Loss: 0.969
2019-12-20 00:57:45: [TEST] Acc: 79.480
2019-12-20 00:57:45: Epoch: 90
2019-12-20 01:01:46: [TRAIN] Acc: 63.506, Loss: 0.955
2019-12-20 01:01:47: [TEST] Acc: 79.350
2019-12-20 01:01:48: Epoch: 91
2019-12-20 01:05:57: [TRAIN] Acc: 63.720, Loss: 0.905
2019-12-20 01:05:58: [TEST] Acc: 79.540
2019-12-20 01:05:59: Epoch: 92
2019-12-20 01:10:05: [TRAIN] Acc: 63.954, Loss: 0.801
2019-12-20 01:10:06: [TEST] Acc: 79.220
2019-12-20 01:10:07: Epoch: 93
2019-12-20 01:14:05: [TRAIN] Acc: 64.444, Loss: 0.888
2019-12-20 01:14:07: [TEST] Acc: 79.090
2019-12-20 01:14:07: Epoch: 94
2019-12-20 01:18:03: [TRAIN] Acc: 64.386, Loss: 0.926
2019-12-20 01:18:04: [TEST] Acc: 79.660
2019-12-20 01:18:04: Epoch: 95
2019-12-20 01:22:07: [TRAIN] Acc: 64.392, Loss: 0.676
2019-12-20 01:22:09: [TEST] Acc: 79.250
2019-12-20 01:22:09: Epoch: 96
2019-12-20 01:26:07: [TRAIN] Acc: 64.812, Loss: 1.057
2019-12-20 01:26:09: [TEST] Acc: 79.450
2019-12-20 01:26:09: Epoch: 97
2019-12-20 01:30:02: [TRAIN] Acc: 64.798, Loss: 0.844
2019-12-20 01:30:03: [TEST] Acc: 79.230
2019-12-20 01:30:04: Epoch: 98
2019-12-20 01:34:03: [TRAIN] Acc: 64.998, Loss: 1.030
2019-12-20 01:34:04: [TEST] Acc: 79.110
2019-12-20 01:34:05: Epoch: 99
2019-12-20 01:38:10: [TRAIN] Acc: 65.132, Loss: 1.000
2019-12-20 01:38:11: [TEST] Acc: 79.330
2019-12-20 01:38:12: Epoch: 100
2019-12-20 01:42:14: [TRAIN] Acc: 65.352, Loss: 0.766
2019-12-20 01:42:16: [TEST] Acc: 79.300
2019-12-20 01:42:16: Epoch: 101
2019-12-20 01:46:15: [TRAIN] Acc: 65.652, Loss: 0.819
2019-12-20 01:46:16: [TEST] Acc: 79.340
2019-12-20 01:46:17: Epoch: 102
2019-12-20 01:50:25: [TRAIN] Acc: 65.856, Loss: 0.818
2019-12-20 01:50:27: [TEST] Acc: 78.990
2019-12-20 01:50:27: Epoch: 103
2019-12-20 01:54:42: [TRAIN] Acc: 65.962, Loss: 0.818
2019-12-20 01:54:43: [TEST] Acc: 79.330
2019-12-20 01:54:44: Epoch: 104
2019-12-20 01:59:07: [TRAIN] Acc: 66.106, Loss: 0.553
2019-12-20 01:59:08: [TEST] Acc: 79.230
2019-12-20 01:59:09: Epoch: 105
2019-12-20 02:03:13: [TRAIN] Acc: 66.400, Loss: 0.718
2019-12-20 02:03:15: [TEST] Acc: 79.190
2019-12-20 02:03:15: Epoch: 106
2019-12-20 02:07:33: [TRAIN] Acc: 66.392, Loss: 0.855
2019-12-20 02:07:34: [TEST] Acc: 79.160
2019-12-20 02:07:35: Epoch: 107
2019-12-20 02:11:53: [TRAIN] Acc: 66.534, Loss: 0.829
2019-12-20 02:11:54: [TEST] Acc: 79.180
2019-12-20 02:11:55: Epoch: 108
2019-12-20 02:16:22: [TRAIN] Acc: 66.698, Loss: 0.893
2019-12-20 02:16:23: [TEST] Acc: 79.650
2019-12-20 02:16:24: Epoch: 109
2019-12-20 02:20:43: [TRAIN] Acc: 66.968, Loss: 0.776
2019-12-20 02:20:45: [TEST] Acc: 79.510
2019-12-20 02:20:46: Epoch: 110
2019-12-20 02:25:06: [TRAIN] Acc: 67.068, Loss: 0.724
2019-12-20 02:25:07: [TEST] Acc: 79.370
2019-12-20 02:25:07: Epoch: 111
2019-12-20 02:29:22: [TRAIN] Acc: 67.208, Loss: 0.705
2019-12-20 02:29:24: [TEST] Acc: 79.390
2019-12-20 02:29:25: Epoch: 112
2019-12-20 02:33:31: [TRAIN] Acc: 67.562, Loss: 0.896
2019-12-20 02:34:01: [TEST] Acc: 79.610
2019-12-20 02:34:02: Epoch: 113
2019-12-20 02:38:03: [TRAIN] Acc: 67.564, Loss: 0.798
2019-12-20 02:38:04: [TEST] Acc: 79.640
2019-12-20 02:38:05: Epoch: 114
2019-12-20 02:42:09: [TRAIN] Acc: 67.686, Loss: 0.770
2019-12-20 02:42:11: [TEST] Acc: 79.270
2019-12-20 02:42:11: Epoch: 115
2019-12-20 02:46:13: [TRAIN] Acc: 68.050, Loss: 0.841
2019-12-20 02:46:14: [TEST] Acc: 79.380
2019-12-20 02:46:16: Epoch: 116
2019-12-20 02:50:19: [TRAIN] Acc: 67.982, Loss: 0.757
2019-12-20 02:50:21: [TEST] Acc: 79.530
2019-12-20 02:50:21: Epoch: 117
2019-12-20 02:54:16: [TRAIN] Acc: 68.138, Loss: 0.768
2019-12-20 02:54:18: [TEST] Acc: 79.220
2019-12-20 02:54:18: Epoch: 118
2019-12-20 02:58:26: [TRAIN] Acc: 68.392, Loss: 0.843
2019-12-20 02:58:27: [TEST] Acc: 79.180
2019-12-20 02:58:28: Epoch: 119
2019-12-20 03:02:34: [TRAIN] Acc: 68.578, Loss: 0.782
2019-12-20 03:02:35: [TEST] Acc: 79.320
2019-12-20 03:02:36: Epoch: 120
2019-12-20 03:06:39: [TRAIN] Acc: 68.794, Loss: 0.674
2019-12-20 03:06:40: [TEST] Acc: 79.280
2019-12-20 03:06:41: Epoch: 121
2019-12-20 03:10:43: [TRAIN] Acc: 68.858, Loss: 0.623
2019-12-20 03:10:44: [TEST] Acc: 79.290
2019-12-20 03:10:45: Epoch: 122
2019-12-20 03:14:48: [TRAIN] Acc: 68.702, Loss: 0.666
2019-12-20 03:14:50: [TEST] Acc: 79.140
2019-12-20 03:14:50: Epoch: 123
2019-12-20 03:18:58: [TRAIN] Acc: 69.222, Loss: 0.884
2019-12-20 03:18:59: [TEST] Acc: 79.400
2019-12-20 03:19:00: Epoch: 124
2019-12-20 03:22:57: [TRAIN] Acc: 69.288, Loss: 0.783
2019-12-20 03:22:58: [TEST] Acc: 78.930
2019-12-20 03:22:59: Epoch: 125
2019-12-20 03:26:54: [TRAIN] Acc: 69.344, Loss: 0.668
2019-12-20 03:26:56: [TEST] Acc: 79.590
2019-12-20 03:26:57: Epoch: 126
2019-12-20 03:31:02: [TRAIN] Acc: 69.510, Loss: 0.602
2019-12-20 03:31:03: [TEST] Acc: 78.830
2019-12-20 03:31:04: Epoch: 127
2019-12-20 03:35:07: [TRAIN] Acc: 69.712, Loss: 0.609
2019-12-20 03:35:08: [TEST] Acc: 79.250
2019-12-20 03:35:09: Epoch: 128
2019-12-20 03:39:10: [TRAIN] Acc: 69.806, Loss: 0.583
2019-12-20 03:39:11: [TEST] Acc: 79.270
2019-12-20 03:39:12: Epoch: 129
2019-12-20 03:43:13: [TRAIN] Acc: 69.900, Loss: 0.558
2019-12-20 03:43:14: [TEST] Acc: 79.200
2019-12-20 03:43:15: Epoch: 130
2019-12-20 03:47:18: [TRAIN] Acc: 70.130, Loss: 0.663
2019-12-20 03:47:19: [TEST] Acc: 78.930
2019-12-20 03:47:20: Epoch: 131
2019-12-20 03:51:18: [TRAIN] Acc: 70.518, Loss: 0.699
2019-12-20 03:51:19: [TEST] Acc: 78.940
2019-12-20 03:51:20: Epoch: 132
2019-12-20 03:55:21: [TRAIN] Acc: 70.488, Loss: 0.689
2019-12-20 03:55:22: [TEST] Acc: 78.590
2019-12-20 03:55:23: Epoch: 133
2019-12-20 03:59:26: [TRAIN] Acc: 70.486, Loss: 0.800
2019-12-20 03:59:27: [TEST] Acc: 78.800
2019-12-20 03:59:28: Epoch: 134
2019-12-20 04:03:24: [TRAIN] Acc: 70.554, Loss: 0.745
2019-12-20 04:03:25: [TEST] Acc: 78.870
2019-12-20 04:03:26: Epoch: 135
2019-12-20 04:07:16: [TRAIN] Acc: 70.858, Loss: 0.634
2019-12-20 04:07:17: [TEST] Acc: 79.270
2019-12-20 04:07:18: Epoch: 136
2019-12-20 04:11:12: [TRAIN] Acc: 70.940, Loss: 0.634
2019-12-20 04:11:13: [TEST] Acc: 79.360
2019-12-20 04:11:14: Epoch: 137
2019-12-20 04:15:02: [TRAIN] Acc: 71.124, Loss: 0.735
2019-12-20 04:15:04: [TEST] Acc: 79.160
2019-12-20 04:15:05: Epoch: 138
2019-12-20 04:19:04: [TRAIN] Acc: 71.372, Loss: 0.529
2019-12-20 04:19:05: [TEST] Acc: 79.130
2019-12-20 04:19:07: Epoch: 139
2019-12-20 04:23:13: [TRAIN] Acc: 71.270, Loss: 0.725
2019-12-20 04:23:15: [TEST] Acc: 79.090
2019-12-20 04:23:16: Epoch: 140
2019-12-20 04:27:18: [TRAIN] Acc: 72.926, Loss: 0.648
2019-12-20 04:27:19: [TEST] Acc: 79.200
2019-12-20 04:27:20: Epoch: 141
2019-12-20 04:31:11: [TRAIN] Acc: 73.510, Loss: 0.716
2019-12-20 04:31:12: [TEST] Acc: 79.120
2019-12-20 04:31:13: Epoch: 142
2019-12-20 04:35:13: [TRAIN] Acc: 73.620, Loss: 0.475
2019-12-20 04:35:14: [TEST] Acc: 79.330
2019-12-20 04:35:15: Epoch: 143
2019-12-20 04:39:19: [TRAIN] Acc: 73.886, Loss: 0.420
2019-12-20 04:39:20: [TEST] Acc: 79.380
2019-12-20 04:39:21: Epoch: 144
2019-12-20 04:43:21: [TRAIN] Acc: 73.902, Loss: 0.487
2019-12-20 04:43:23: [TEST] Acc: 79.260
2019-12-20 04:43:23: Epoch: 145
2019-12-20 04:47:24: [TRAIN] Acc: 74.150, Loss: 0.470
2019-12-20 04:47:25: [TEST] Acc: 79.290
2019-12-20 04:47:26: Epoch: 146
2019-12-20 04:51:23: [TRAIN] Acc: 74.084, Loss: 0.507
2019-12-20 04:51:24: [TEST] Acc: 79.300
2019-12-20 04:51:25: Epoch: 147
2019-12-20 04:55:26: [TRAIN] Acc: 74.282, Loss: 0.592
2019-12-20 04:55:28: [TEST] Acc: 79.510
2019-12-20 04:55:29: Epoch: 148
2019-12-20 04:59:32: [TRAIN] Acc: 74.296, Loss: 0.702
2019-12-20 04:59:34: [TEST] Acc: 79.210
2019-12-20 04:59:35: Epoch: 149
2019-12-20 05:03:34: [TRAIN] Acc: 74.458, Loss: 0.554
2019-12-20 05:03:35: [TEST] Acc: 79.240
2019-12-20 05:03:36: Epoch: 150
2019-12-20 05:07:32: [TRAIN] Acc: 74.350, Loss: 0.618
2019-12-20 05:07:33: [TEST] Acc: 79.270
2019-12-20 05:07:33: Epoch: 151
2019-12-20 05:11:33: [TRAIN] Acc: 74.564, Loss: 0.661
2019-12-20 05:11:34: [TEST] Acc: 79.240
2019-12-20 05:11:35: Epoch: 152
2019-12-20 05:15:29: [TRAIN] Acc: 74.234, Loss: 0.533
2019-12-20 05:15:31: [TEST] Acc: 79.290
2019-12-20 05:15:32: Epoch: 153
2019-12-20 05:19:26: [TRAIN] Acc: 74.422, Loss: 0.570
2019-12-20 05:19:27: [TEST] Acc: 79.370
2019-12-20 05:19:27: Epoch: 154
2019-12-20 05:23:23: [TRAIN] Acc: 74.592, Loss: 0.593
2019-12-20 05:23:24: [TEST] Acc: 79.280
2019-12-20 05:23:25: Epoch: 155
2019-12-20 05:27:22: [TRAIN] Acc: 74.656, Loss: 0.665
2019-12-20 05:27:23: [TEST] Acc: 79.370
2019-12-20 05:27:24: Epoch: 156
2019-12-20 05:31:19: [TRAIN] Acc: 74.648, Loss: 0.592
2019-12-20 05:31:20: [TEST] Acc: 79.250
2019-12-20 05:31:21: Epoch: 157
2019-12-20 05:35:13: [TRAIN] Acc: 74.848, Loss: 0.556
2019-12-20 05:35:15: [TEST] Acc: 79.120
2019-12-20 05:35:16: Epoch: 158
2019-12-20 05:39:14: [TRAIN] Acc: 75.068, Loss: 0.560
2019-12-20 05:39:15: [TEST] Acc: 79.020
2019-12-20 05:39:16: Epoch: 159
2019-12-20 05:43:20: [TRAIN] Acc: 74.828, Loss: 0.566
2019-12-20 05:43:21: [TEST] Acc: 79.150
2019-12-20 05:43:23: Epoch: 160
2019-12-20 05:47:21: [TRAIN] Acc: 74.946, Loss: 0.612
2019-12-20 05:47:22: [TEST] Acc: 79.120
2019-12-20 05:47:22: Epoch: 161
2019-12-20 05:51:13: [TRAIN] Acc: 74.918, Loss: 0.652
2019-12-20 05:51:14: [TEST] Acc: 79.380
2019-12-20 05:51:15: Epoch: 162
2019-12-20 05:55:19: [TRAIN] Acc: 74.850, Loss: 0.663
2019-12-20 05:55:21: [TEST] Acc: 79.170
2019-12-20 05:55:22: Epoch: 163
2019-12-20 05:59:17: [TRAIN] Acc: 74.980, Loss: 0.588
2019-12-20 05:59:19: [TEST] Acc: 79.190
2019-12-20 05:59:20: Epoch: 164
2019-12-20 06:03:14: [TRAIN] Acc: 75.254, Loss: 0.634
2019-12-20 06:03:15: [TEST] Acc: 79.250
2019-12-20 06:03:16: Epoch: 165
2019-12-20 06:07:17: [TRAIN] Acc: 74.902, Loss: 0.566
2019-12-20 06:07:18: [TEST] Acc: 79.070
2019-12-20 06:07:19: Epoch: 166
2019-12-20 06:11:20: [TRAIN] Acc: 75.068, Loss: 0.593
2019-12-20 06:11:22: [TEST] Acc: 79.300
2019-12-20 06:11:23: Epoch: 167
2019-12-20 06:15:20: [TRAIN] Acc: 75.398, Loss: 0.499
2019-12-20 06:15:21: [TEST] Acc: 79.310
2019-12-20 06:15:22: Epoch: 168
2019-12-20 06:19:17: [TRAIN] Acc: 75.382, Loss: 0.637
2019-12-20 06:19:19: [TEST] Acc: 79.220
2019-12-20 06:19:19: Epoch: 169
2019-12-20 06:23:18: [TRAIN] Acc: 75.400, Loss: 0.666
2019-12-20 06:23:20: [TEST] Acc: 79.100
2019-12-20 06:23:20: Epoch: 170
2019-12-20 06:27:23: [TRAIN] Acc: 75.434, Loss: 0.597
2019-12-20 06:27:24: [TEST] Acc: 78.970
2019-12-20 06:27:24: Epoch: 171
2019-12-20 06:31:11: [TRAIN] Acc: 75.448, Loss: 0.496
2019-12-20 06:31:12: [TEST] Acc: 79.170
2019-12-20 06:31:13: Epoch: 172
2019-12-20 06:34:59: [TRAIN] Acc: 75.514, Loss: 0.571
2019-12-20 06:35:01: [TEST] Acc: 79.220
2019-12-20 06:35:02: Epoch: 173
2019-12-20 06:39:00: [TRAIN] Acc: 75.508, Loss: 0.672
2019-12-20 06:39:01: [TEST] Acc: 79.260
2019-12-20 06:39:01: Epoch: 174
2019-12-20 06:43:01: [TRAIN] Acc: 75.320, Loss: 0.602
2019-12-20 06:43:02: [TEST] Acc: 79.360
2019-12-20 06:43:03: Epoch: 175
2019-12-20 06:46:57: [TRAIN] Acc: 75.416, Loss: 0.482
2019-12-20 06:46:59: [TEST] Acc: 79.060
2019-12-20 06:47:00: Epoch: 176
2019-12-20 06:50:55: [TRAIN] Acc: 75.452, Loss: 0.612
2019-12-20 06:50:58: [TEST] Acc: 79.240
2019-12-20 06:50:59: Epoch: 177
2019-12-20 06:54:51: [TRAIN] Acc: 75.590, Loss: 0.580
2019-12-20 06:54:53: [TEST] Acc: 79.290
2019-12-20 06:54:53: Epoch: 178
2019-12-20 06:58:44: [TRAIN] Acc: 75.644, Loss: 0.510
2019-12-20 06:58:45: [TEST] Acc: 79.120
2019-12-20 06:58:46: Epoch: 179
2019-12-20 07:02:36: [TRAIN] Acc: 75.530, Loss: 0.441
2019-12-20 07:02:39: [TEST] Acc: 78.990
2019-12-20 07:02:40: Epoch: 180
2019-12-20 07:06:26: [TRAIN] Acc: 75.882, Loss: 0.573
2019-12-20 07:06:28: [TEST] Acc: 79.140
2019-12-20 07:06:28: Epoch: 181
2019-12-20 07:10:20: [TRAIN] Acc: 75.580, Loss: 0.625
2019-12-20 07:10:21: [TEST] Acc: 79.080
2019-12-20 07:10:22: Epoch: 182
2019-12-20 07:14:16: [TRAIN] Acc: 75.836, Loss: 0.567
2019-12-20 07:14:17: [TEST] Acc: 79.140
2019-12-20 07:14:18: Epoch: 183
2019-12-20 07:18:03: [TRAIN] Acc: 75.896, Loss: 0.536
2019-12-20 07:18:04: [TEST] Acc: 79.210
2019-12-20 07:18:05: Epoch: 184
2019-12-20 07:21:57: [TRAIN] Acc: 75.872, Loss: 0.533
2019-12-20 07:21:58: [TEST] Acc: 79.170
2019-12-20 07:21:58: Epoch: 185
2019-12-20 07:25:54: [TRAIN] Acc: 76.092, Loss: 0.507
2019-12-20 07:25:55: [TEST] Acc: 79.180
2019-12-20 07:25:56: Epoch: 186
2019-12-20 07:29:42: [TRAIN] Acc: 76.044, Loss: 0.815
2019-12-20 07:29:43: [TEST] Acc: 79.140
2019-12-20 07:29:44: Epoch: 187
2019-12-20 07:33:40: [TRAIN] Acc: 76.002, Loss: 0.602
2019-12-20 07:33:41: [TEST] Acc: 79.170
2019-12-20 07:33:43: Epoch: 188
2019-12-20 07:37:34: [TRAIN] Acc: 75.868, Loss: 0.385
2019-12-20 07:37:36: [TEST] Acc: 79.360
2019-12-20 07:37:36: Epoch: 189
2019-12-20 07:41:28: [TRAIN] Acc: 75.944, Loss: 0.544
2019-12-20 07:41:30: [TEST] Acc: 79.130
2019-12-20 07:41:31: Epoch: 190
2019-12-20 07:45:15: [TRAIN] Acc: 75.962, Loss: 0.615
2019-12-20 07:45:17: [TEST] Acc: 79.040
2019-12-20 07:45:17: Epoch: 191
2019-12-20 07:49:14: [TRAIN] Acc: 75.844, Loss: 0.520
2019-12-20 07:49:15: [TEST] Acc: 79.180
2019-12-20 07:49:16: Epoch: 192
2019-12-20 07:53:03: [TRAIN] Acc: 76.106, Loss: 0.554
2019-12-20 07:53:04: [TEST] Acc: 79.190
2019-12-20 07:53:05: Epoch: 193
2019-12-20 07:56:46: [TRAIN] Acc: 75.834, Loss: 0.520
2019-12-20 07:56:47: [TEST] Acc: 79.410
2019-12-20 07:56:48: Epoch: 194
2019-12-20 08:00:29: [TRAIN] Acc: 75.738, Loss: 0.541
2019-12-20 08:00:31: [TEST] Acc: 79.170
2019-12-20 08:00:32: Epoch: 195
2019-12-20 08:04:12: [TRAIN] Acc: 75.922, Loss: 0.471
2019-12-20 08:04:13: [TEST] Acc: 79.170
2019-12-20 08:04:14: Epoch: 196
2019-12-20 08:08:09: [TRAIN] Acc: 76.016, Loss: 0.381
2019-12-20 08:08:10: [TEST] Acc: 79.200
2019-12-20 08:08:11: Epoch: 197
2019-12-20 08:12:06: [TRAIN] Acc: 75.868, Loss: 0.655
2019-12-20 08:12:08: [TEST] Acc: 79.040
2019-12-20 08:12:09: Epoch: 198
2019-12-20 08:16:05: [TRAIN] Acc: 75.910, Loss: 0.533
2019-12-20 08:16:06: [TEST] Acc: 79.110
2019-12-20 08:16:08: Epoch: 199
2019-12-20 08:19:54: [TRAIN] Acc: 75.970, Loss: 0.574
2019-12-20 08:19:56: [TEST] Acc: 79.270
