2019-12-18 01:32:19: - lr: 0.01
2019-12-18 01:32:19: - data: cifar10
2019-12-18 01:32:19: - model: vgg
2019-12-18 01:32:19: - root: /dvmm-filer2/datasets/CIFAR/
2019-12-18 01:32:19: - model_out: ./checkpoint/cifar10_vgg_plain.pth
2019-12-18 01:32:19: - resume: False
2019-12-18 01:32:19: ==> Preparing data..
2019-12-18 01:32:28: Epoch: 0
2019-12-18 01:32:40: [TRAIN] Acc: 45.322
2019-12-18 01:32:41: [TEST] Acc: 58.960
2019-12-18 01:32:42: Epoch: 1
2019-12-18 01:32:53: [TRAIN] Acc: 66.674
2019-12-18 01:32:54: [TEST] Acc: 68.050
2019-12-18 01:32:54: Epoch: 2
2019-12-18 01:33:05: [TRAIN] Acc: 74.476
2019-12-18 01:33:07: [TEST] Acc: 72.270
2019-12-18 01:33:07: Epoch: 3
2019-12-18 01:33:18: [TRAIN] Acc: 78.582
2019-12-18 01:33:19: [TEST] Acc: 78.220
2019-12-18 01:33:20: Epoch: 4
2019-12-18 01:33:31: [TRAIN] Acc: 80.954
2019-12-18 01:33:32: [TEST] Acc: 81.140
2019-12-18 01:33:33: Epoch: 5
2019-12-18 01:33:45: [TRAIN] Acc: 82.906
2019-12-18 01:33:46: [TEST] Acc: 79.960
2019-12-18 01:33:47: Epoch: 6
2019-12-18 01:33:58: [TRAIN] Acc: 84.404
2019-12-18 01:33:59: [TEST] Acc: 81.420
2019-12-18 01:34:00: Epoch: 7
2019-12-18 01:34:11: [TRAIN] Acc: 85.662
2019-12-18 01:34:12: [TEST] Acc: 83.990
2019-12-18 01:34:13: Epoch: 8
2019-12-18 01:34:24: [TRAIN] Acc: 86.712
2019-12-18 01:34:25: [TEST] Acc: 82.100
2019-12-18 01:34:25: Epoch: 9
2019-12-18 01:34:36: [TRAIN] Acc: 87.272
2019-12-18 01:34:38: [TEST] Acc: 85.980
2019-12-18 01:34:39: Epoch: 10
2019-12-18 01:34:50: [TRAIN] Acc: 88.474
2019-12-18 01:34:51: [TEST] Acc: 83.250
2019-12-18 01:34:51: Epoch: 11
2019-12-18 01:35:03: [TRAIN] Acc: 89.054
2019-12-18 01:35:04: [TEST] Acc: 85.300
2019-12-18 01:35:05: Epoch: 12
2019-12-18 01:35:16: [TRAIN] Acc: 89.892
2019-12-18 01:35:17: [TEST] Acc: 86.630
2019-12-18 01:35:18: Epoch: 13
2019-12-18 01:35:29: [TRAIN] Acc: 90.214
2019-12-18 01:35:31: [TEST] Acc: 86.060
2019-12-18 01:35:31: Epoch: 14
2019-12-18 01:35:42: [TRAIN] Acc: 90.742
2019-12-18 01:35:44: [TEST] Acc: 85.790
2019-12-18 01:35:44: Epoch: 15
2019-12-18 01:35:56: [TRAIN] Acc: 91.140
2019-12-18 01:35:57: [TEST] Acc: 87.000
2019-12-18 01:35:58: Epoch: 16
2019-12-18 01:36:09: [TRAIN] Acc: 91.580
2019-12-18 01:36:10: [TEST] Acc: 86.890
2019-12-18 01:36:11: Epoch: 17
2019-12-18 01:36:22: [TRAIN] Acc: 91.996
2019-12-18 01:36:23: [TEST] Acc: 86.310
2019-12-18 01:36:24: Epoch: 18
2019-12-18 01:36:35: [TRAIN] Acc: 92.098
2019-12-18 01:36:39: [TEST] Acc: 86.440
2019-12-18 01:36:39: Epoch: 19
2019-12-18 01:36:50: [TRAIN] Acc: 92.960
2019-12-18 01:36:52: [TEST] Acc: 86.830
2019-12-18 01:36:52: Epoch: 20
2019-12-18 01:37:03: [TRAIN] Acc: 93.008
2019-12-18 01:37:04: [TEST] Acc: 87.740
2019-12-18 01:37:05: Epoch: 21
2019-12-18 01:37:16: [TRAIN] Acc: 93.246
2019-12-18 01:37:17: [TEST] Acc: 88.560
2019-12-18 01:37:18: Epoch: 22
2019-12-18 01:37:30: [TRAIN] Acc: 93.780
2019-12-18 01:37:31: [TEST] Acc: 85.630
2019-12-18 01:37:32: Epoch: 23
2019-12-18 01:37:43: [TRAIN] Acc: 93.736
2019-12-18 01:37:44: [TEST] Acc: 86.550
2019-12-18 01:37:45: Epoch: 24
2019-12-18 01:37:56: [TRAIN] Acc: 94.102
2019-12-18 01:37:58: [TEST] Acc: 86.940
2019-12-18 01:37:58: Epoch: 25
2019-12-18 01:38:09: [TRAIN] Acc: 94.280
2019-12-18 01:38:10: [TEST] Acc: 87.450
2019-12-18 01:38:11: Epoch: 26
2019-12-18 01:38:22: [TRAIN] Acc: 94.560
2019-12-18 01:38:24: [TEST] Acc: 87.220
2019-12-18 01:38:25: Epoch: 27
2019-12-18 01:38:36: [TRAIN] Acc: 94.676
2019-12-18 01:38:37: [TEST] Acc: 88.370
2019-12-18 01:38:38: Epoch: 28
2019-12-18 01:38:49: [TRAIN] Acc: 94.802
2019-12-18 01:38:50: [TEST] Acc: 87.940
2019-12-18 01:38:51: Epoch: 29
2019-12-18 01:39:01: [TRAIN] Acc: 95.138
2019-12-18 01:39:03: [TEST] Acc: 88.190
2019-12-18 01:39:03: Epoch: 30
2019-12-18 01:39:14: [TRAIN] Acc: 95.150
2019-12-18 01:39:15: [TEST] Acc: 87.770
2019-12-18 01:39:16: Epoch: 31
2019-12-18 01:39:27: [TRAIN] Acc: 95.458
2019-12-18 01:39:28: [TEST] Acc: 87.000
2019-12-18 01:39:29: Epoch: 32
2019-12-18 01:39:40: [TRAIN] Acc: 95.446
2019-12-18 01:39:41: [TEST] Acc: 88.050
2019-12-18 01:39:42: Epoch: 33
2019-12-18 01:39:53: [TRAIN] Acc: 95.732
2019-12-18 01:39:55: [TEST] Acc: 89.020
2019-12-18 01:39:55: Epoch: 34
2019-12-18 01:40:07: [TRAIN] Acc: 95.806
2019-12-18 01:40:08: [TEST] Acc: 89.210
2019-12-18 01:40:09: Epoch: 35
2019-12-18 01:40:20: [TRAIN] Acc: 95.728
2019-12-18 01:40:21: [TEST] Acc: 88.700
2019-12-18 01:40:22: Epoch: 36
2019-12-18 01:40:33: [TRAIN] Acc: 96.050
2019-12-18 01:40:34: [TEST] Acc: 89.850
2019-12-18 01:40:35: Epoch: 37
2019-12-18 01:40:46: [TRAIN] Acc: 96.006
2019-12-18 01:40:47: [TEST] Acc: 88.650
2019-12-18 01:40:48: Epoch: 38
2019-12-18 01:40:58: [TRAIN] Acc: 96.270
2019-12-18 01:41:00: [TEST] Acc: 89.680
2019-12-18 01:41:00: Epoch: 39
2019-12-18 01:41:12: [TRAIN] Acc: 96.234
2019-12-18 01:41:13: [TEST] Acc: 89.490
2019-12-18 01:41:13: Epoch: 40
2019-12-18 01:41:24: [TRAIN] Acc: 96.344
2019-12-18 01:41:25: [TEST] Acc: 89.390
2019-12-18 01:41:26: Epoch: 41
2019-12-18 01:41:37: [TRAIN] Acc: 96.374
2019-12-18 01:41:38: [TEST] Acc: 87.700
2019-12-18 01:41:39: Epoch: 42
2019-12-18 01:41:50: [TRAIN] Acc: 96.508
2019-12-18 01:41:51: [TEST] Acc: 88.730
2019-12-18 01:41:52: Epoch: 43
2019-12-18 01:42:03: [TRAIN] Acc: 96.834
2019-12-18 01:42:04: [TEST] Acc: 88.900
2019-12-18 01:42:05: Epoch: 44
2019-12-18 01:42:15: [TRAIN] Acc: 96.602
2019-12-18 01:42:17: [TEST] Acc: 89.220
2019-12-18 01:42:17: Epoch: 45
2019-12-18 01:42:28: [TRAIN] Acc: 96.636
2019-12-18 01:42:30: [TEST] Acc: 89.680
2019-12-18 01:42:30: Epoch: 46
2019-12-18 01:42:41: [TRAIN] Acc: 96.780
2019-12-18 01:42:43: [TEST] Acc: 89.670
2019-12-18 01:42:43: Epoch: 47
2019-12-18 01:42:54: [TRAIN] Acc: 97.080
2019-12-18 01:42:55: [TEST] Acc: 88.660
2019-12-18 01:42:55: Epoch: 48
2019-12-18 01:43:06: [TRAIN] Acc: 96.920
2019-12-18 01:43:08: [TEST] Acc: 88.460
2019-12-18 01:43:08: Epoch: 49
2019-12-18 01:43:20: [TRAIN] Acc: 96.998
2019-12-18 01:43:21: [TEST] Acc: 89.630
2019-12-18 01:43:21: Epoch: 50
2019-12-18 01:43:32: [TRAIN] Acc: 97.002
2019-12-18 01:43:34: [TEST] Acc: 89.370
2019-12-18 01:43:34: Epoch: 51
2019-12-18 01:43:45: [TRAIN] Acc: 96.936
2019-12-18 01:43:47: [TEST] Acc: 89.630
2019-12-18 01:43:47: Epoch: 52
2019-12-18 01:43:58: [TRAIN] Acc: 97.150
2019-12-18 01:43:59: [TEST] Acc: 89.750
2019-12-18 01:44:00: Epoch: 53
2019-12-18 01:44:11: [TRAIN] Acc: 97.134
2019-12-18 01:44:12: [TEST] Acc: 88.690
2019-12-18 01:44:13: Epoch: 54
2019-12-18 01:44:24: [TRAIN] Acc: 96.974
2019-12-18 01:44:25: [TEST] Acc: 89.400
2019-12-18 01:44:26: Epoch: 55
2019-12-18 01:44:37: [TRAIN] Acc: 97.254
2019-12-18 01:44:39: [TEST] Acc: 88.660
2019-12-18 01:44:39: Epoch: 56
2019-12-18 01:44:51: [TRAIN] Acc: 97.328
2019-12-18 01:44:52: [TEST] Acc: 89.390
2019-12-18 01:44:52: Epoch: 57
2019-12-18 01:45:03: [TRAIN] Acc: 97.260
2019-12-18 01:45:05: [TEST] Acc: 89.130
2019-12-18 01:45:05: Epoch: 58
2019-12-18 01:45:16: [TRAIN] Acc: 97.290
2019-12-18 01:45:18: [TEST] Acc: 89.680
2019-12-18 01:45:18: Epoch: 59
2019-12-18 01:45:30: [TRAIN] Acc: 97.230
2019-12-18 01:45:31: [TEST] Acc: 89.540
2019-12-18 01:45:31: Epoch: 60
2019-12-18 01:45:43: [TRAIN] Acc: 97.218
2019-12-18 01:45:44: [TEST] Acc: 87.420
2019-12-18 01:45:44: Epoch: 61
2019-12-18 01:45:56: [TRAIN] Acc: 97.250
2019-12-18 01:45:57: [TEST] Acc: 89.350
2019-12-18 01:45:58: Epoch: 62
2019-12-18 01:46:09: [TRAIN] Acc: 97.094
2019-12-18 01:46:11: [TEST] Acc: 89.390
2019-12-18 01:46:11: Epoch: 63
2019-12-18 01:46:22: [TRAIN] Acc: 97.418
2019-12-18 01:46:24: [TEST] Acc: 90.130
2019-12-18 01:46:25: Epoch: 64
2019-12-18 01:46:36: [TRAIN] Acc: 97.448
2019-12-18 01:46:37: [TEST] Acc: 89.530
2019-12-18 01:46:38: Epoch: 65
2019-12-18 01:46:49: [TRAIN] Acc: 97.260
2019-12-18 01:46:51: [TEST] Acc: 88.770
2019-12-18 01:46:52: Epoch: 66
2019-12-18 01:47:03: [TRAIN] Acc: 97.602
2019-12-18 01:47:05: [TEST] Acc: 90.400
2019-12-18 01:47:05: Epoch: 67
2019-12-18 01:47:16: [TRAIN] Acc: 97.418
2019-12-18 01:47:17: [TEST] Acc: 87.540
2019-12-18 01:47:18: Epoch: 68
2019-12-18 01:47:29: [TRAIN] Acc: 97.544
2019-12-18 01:47:30: [TEST] Acc: 88.990
2019-12-18 01:47:31: Epoch: 69
2019-12-18 01:47:42: [TRAIN] Acc: 97.386
2019-12-18 01:47:44: [TEST] Acc: 89.320
2019-12-18 01:47:44: Epoch: 70
2019-12-18 01:47:55: [TRAIN] Acc: 97.482
2019-12-18 01:47:57: [TEST] Acc: 87.870
2019-12-18 01:47:58: Epoch: 71
2019-12-18 01:48:09: [TRAIN] Acc: 97.330
2019-12-18 01:48:10: [TEST] Acc: 87.830
2019-12-18 01:48:11: Epoch: 72
2019-12-18 01:48:22: [TRAIN] Acc: 97.342
2019-12-18 01:48:23: [TEST] Acc: 90.140
2019-12-18 01:48:24: Epoch: 73
2019-12-18 01:48:35: [TRAIN] Acc: 97.518
2019-12-18 01:48:37: [TEST] Acc: 89.940
2019-12-18 01:48:37: Epoch: 74
2019-12-18 01:48:48: [TRAIN] Acc: 97.470
2019-12-18 01:48:50: [TEST] Acc: 90.330
2019-12-18 01:48:50: Epoch: 75
2019-12-18 01:49:01: [TRAIN] Acc: 97.428
2019-12-18 01:49:03: [TEST] Acc: 89.570
2019-12-18 01:49:04: Epoch: 76
2019-12-18 01:49:14: [TRAIN] Acc: 97.474
2019-12-18 01:49:16: [TEST] Acc: 89.270
2019-12-18 01:49:16: Epoch: 77
2019-12-18 01:49:27: [TRAIN] Acc: 97.528
2019-12-18 01:49:28: [TEST] Acc: 88.820
2019-12-18 01:49:29: Epoch: 78
2019-12-18 01:49:41: [TRAIN] Acc: 97.548
2019-12-18 01:49:42: [TEST] Acc: 89.820
2019-12-18 01:49:43: Epoch: 79
2019-12-18 01:49:54: [TRAIN] Acc: 97.738
2019-12-18 01:49:55: [TEST] Acc: 90.490
2019-12-18 01:49:56: Epoch: 80
2019-12-18 01:50:07: [TRAIN] Acc: 99.014
2019-12-18 01:50:08: [TEST] Acc: 92.110
2019-12-18 01:50:08: Epoch: 81
2019-12-18 01:50:19: [TRAIN] Acc: 99.432
2019-12-18 01:50:21: [TEST] Acc: 92.520
2019-12-18 01:50:21: Epoch: 82
2019-12-18 01:50:32: [TRAIN] Acc: 99.628
2019-12-18 01:50:33: [TEST] Acc: 92.520
2019-12-18 01:50:34: Epoch: 83
2019-12-18 01:50:45: [TRAIN] Acc: 99.678
2019-12-18 01:50:46: [TEST] Acc: 92.700
2019-12-18 01:50:47: Epoch: 84
2019-12-18 01:50:58: [TRAIN] Acc: 99.752
2019-12-18 01:50:59: [TEST] Acc: 92.950
2019-12-18 01:51:00: Epoch: 85
2019-12-18 01:51:11: [TRAIN] Acc: 99.768
2019-12-18 01:51:12: [TEST] Acc: 92.870
2019-12-18 01:51:13: Epoch: 86
2019-12-18 01:51:23: [TRAIN] Acc: 99.778
2019-12-18 01:51:24: [TEST] Acc: 92.750
2019-12-18 01:51:25: Epoch: 87
2019-12-18 01:51:36: [TRAIN] Acc: 99.806
2019-12-18 01:51:37: [TEST] Acc: 92.850
2019-12-18 01:51:38: Epoch: 88
2019-12-18 01:51:49: [TRAIN] Acc: 99.840
2019-12-18 01:51:50: [TEST] Acc: 92.910
2019-12-18 01:51:51: Epoch: 89
2019-12-18 01:52:02: [TRAIN] Acc: 99.874
2019-12-18 01:52:03: [TEST] Acc: 93.070
2019-12-18 01:52:04: Epoch: 90
2019-12-18 01:52:15: [TRAIN] Acc: 99.876
2019-12-18 01:52:16: [TEST] Acc: 93.090
2019-12-18 01:52:17: Epoch: 91
2019-12-18 01:52:28: [TRAIN] Acc: 99.854
2019-12-18 01:52:29: [TEST] Acc: 92.920
2019-12-18 01:52:30: Epoch: 92
2019-12-18 01:52:41: [TRAIN] Acc: 99.898
2019-12-18 01:52:42: [TEST] Acc: 92.850
2019-12-18 01:52:42: Epoch: 93
2019-12-18 01:52:53: [TRAIN] Acc: 99.922
2019-12-18 01:52:55: [TEST] Acc: 92.900
2019-12-18 01:52:55: Epoch: 94
2019-12-18 01:53:07: [TRAIN] Acc: 99.926
2019-12-18 01:53:08: [TEST] Acc: 92.950
2019-12-18 01:53:09: Epoch: 95
2019-12-18 01:53:20: [TRAIN] Acc: 99.896
2019-12-18 01:53:21: [TEST] Acc: 92.960
2019-12-18 01:53:22: Epoch: 96
2019-12-18 01:53:33: [TRAIN] Acc: 99.914
2019-12-18 01:53:34: [TEST] Acc: 93.030
2019-12-18 01:53:35: Epoch: 97
2019-12-18 01:53:46: [TRAIN] Acc: 99.926
2019-12-18 01:53:48: [TEST] Acc: 92.930
2019-12-18 01:53:48: Epoch: 98
2019-12-18 01:54:01: [TRAIN] Acc: 99.900
2019-12-18 01:54:03: [TEST] Acc: 93.000
2019-12-18 01:54:04: Epoch: 99
2019-12-18 01:54:15: [TRAIN] Acc: 99.932
2019-12-18 01:54:16: [TEST] Acc: 92.920
2019-12-18 01:54:18: Epoch: 100
2019-12-18 01:54:28: [TRAIN] Acc: 99.922
2019-12-18 01:54:30: [TEST] Acc: 93.020
2019-12-18 01:54:31: Epoch: 101
2019-12-18 01:54:42: [TRAIN] Acc: 99.924
2019-12-18 01:54:43: [TEST] Acc: 93.090
2019-12-18 01:54:44: Epoch: 102
2019-12-18 01:54:55: [TRAIN] Acc: 99.924
2019-12-18 01:54:56: [TEST] Acc: 92.980
2019-12-18 01:54:57: Epoch: 103
2019-12-18 01:55:07: [TRAIN] Acc: 99.936
2019-12-18 01:55:09: [TEST] Acc: 93.040
2019-12-18 01:55:09: Epoch: 104
2019-12-18 01:55:21: [TRAIN] Acc: 99.946
2019-12-18 01:55:22: [TEST] Acc: 93.050
2019-12-18 01:55:23: Epoch: 105
2019-12-18 01:55:34: [TRAIN] Acc: 99.922
2019-12-18 01:55:36: [TEST] Acc: 93.140
2019-12-18 01:55:36: Epoch: 106
2019-12-18 01:55:47: [TRAIN] Acc: 99.952
2019-12-18 01:55:49: [TEST] Acc: 93.160
2019-12-18 01:55:50: Epoch: 107
2019-12-18 01:56:01: [TRAIN] Acc: 99.930
2019-12-18 01:56:02: [TEST] Acc: 93.080
2019-12-18 01:56:03: Epoch: 108
2019-12-18 01:56:13: [TRAIN] Acc: 99.932
2019-12-18 01:56:15: [TEST] Acc: 93.070
2019-12-18 01:56:16: Epoch: 109
2019-12-18 01:56:27: [TRAIN] Acc: 99.956
2019-12-18 01:56:28: [TEST] Acc: 93.010
2019-12-18 01:56:28: Epoch: 110
2019-12-18 01:56:40: [TRAIN] Acc: 99.954
2019-12-18 01:56:41: [TEST] Acc: 93.160
2019-12-18 01:56:41: Epoch: 111
2019-12-18 01:56:53: [TRAIN] Acc: 99.960
2019-12-18 01:56:54: [TEST] Acc: 93.210
2019-12-18 01:56:55: Epoch: 112
2019-12-18 01:57:06: [TRAIN] Acc: 99.942
2019-12-18 01:57:07: [TEST] Acc: 93.280
2019-12-18 01:57:08: Epoch: 113
2019-12-18 01:57:19: [TRAIN] Acc: 99.978
2019-12-18 01:57:20: [TEST] Acc: 93.070
2019-12-18 01:57:20: Epoch: 114
2019-12-18 01:57:32: [TRAIN] Acc: 99.956
2019-12-18 01:57:33: [TEST] Acc: 93.080
2019-12-18 01:57:34: Epoch: 115
2019-12-18 01:57:45: [TRAIN] Acc: 99.954
2019-12-18 01:57:46: [TEST] Acc: 93.190
2019-12-18 01:57:47: Epoch: 116
2019-12-18 01:57:58: [TRAIN] Acc: 99.958
2019-12-18 01:57:59: [TEST] Acc: 93.260
2019-12-18 01:58:00: Epoch: 117
2019-12-18 01:58:11: [TRAIN] Acc: 99.960
2019-12-18 01:58:12: [TEST] Acc: 93.260
2019-12-18 01:58:15: Epoch: 118
2019-12-18 01:58:26: [TRAIN] Acc: 99.956
2019-12-18 01:58:27: [TEST] Acc: 93.170
2019-12-18 01:58:28: Epoch: 119
2019-12-18 01:58:38: [TRAIN] Acc: 99.946
2019-12-18 01:58:39: [TEST] Acc: 93.260
2019-12-18 01:58:40: Epoch: 120
2019-12-18 01:58:50: [TRAIN] Acc: 99.966
2019-12-18 01:58:51: [TEST] Acc: 93.130
2019-12-18 01:58:52: Epoch: 121
2019-12-18 01:59:02: [TRAIN] Acc: 99.948
2019-12-18 01:59:04: [TEST] Acc: 93.280
2019-12-18 01:59:04: Epoch: 122
2019-12-18 01:59:15: [TRAIN] Acc: 99.974
2019-12-18 01:59:16: [TEST] Acc: 93.230
2019-12-18 01:59:17: Epoch: 123
2019-12-18 01:59:27: [TRAIN] Acc: 99.984
2019-12-18 01:59:29: [TEST] Acc: 93.260
2019-12-18 01:59:29: Epoch: 124
2019-12-18 01:59:39: [TRAIN] Acc: 99.970
2019-12-18 01:59:41: [TEST] Acc: 93.140
2019-12-18 01:59:41: Epoch: 125
2019-12-18 01:59:51: [TRAIN] Acc: 99.976
2019-12-18 01:59:53: [TEST] Acc: 93.160
2019-12-18 01:59:53: Epoch: 126
2019-12-18 02:00:04: [TRAIN] Acc: 99.966
2019-12-18 02:00:05: [TEST] Acc: 93.350
2019-12-18 02:00:05: Epoch: 127
2019-12-18 02:00:16: [TRAIN] Acc: 99.964
2019-12-18 02:00:17: [TEST] Acc: 93.280
2019-12-18 02:00:17: Epoch: 128
2019-12-18 02:00:28: [TRAIN] Acc: 99.968
2019-12-18 02:00:29: [TEST] Acc: 93.310
2019-12-18 02:00:30: Epoch: 129
2019-12-18 02:00:40: [TRAIN] Acc: 99.980
2019-12-18 02:00:41: [TEST] Acc: 93.280
2019-12-18 02:00:42: Epoch: 130
2019-12-18 02:00:52: [TRAIN] Acc: 99.972
2019-12-18 02:00:53: [TEST] Acc: 93.220
2019-12-18 02:00:54: Epoch: 131
2019-12-18 02:01:04: [TRAIN] Acc: 99.962
2019-12-18 02:01:06: [TEST] Acc: 93.150
2019-12-18 02:01:06: Epoch: 132
2019-12-18 02:01:16: [TRAIN] Acc: 99.980
2019-12-18 02:01:18: [TEST] Acc: 93.230
2019-12-18 02:01:18: Epoch: 133
2019-12-18 02:01:28: [TRAIN] Acc: 99.968
2019-12-18 02:01:30: [TEST] Acc: 93.300
2019-12-18 02:01:30: Epoch: 134
2019-12-18 02:01:40: [TRAIN] Acc: 99.984
2019-12-18 02:01:42: [TEST] Acc: 93.280
2019-12-18 02:01:42: Epoch: 135
2019-12-18 02:01:53: [TRAIN] Acc: 99.972
2019-12-18 02:01:54: [TEST] Acc: 93.240
2019-12-18 02:01:55: Epoch: 136
2019-12-18 02:02:05: [TRAIN] Acc: 99.974
2019-12-18 02:02:06: [TEST] Acc: 93.290
2019-12-18 02:02:07: Epoch: 137
2019-12-18 02:02:17: [TRAIN] Acc: 99.970
2019-12-18 02:02:19: [TEST] Acc: 93.360
2019-12-18 02:02:19: Epoch: 138
2019-12-18 02:02:30: [TRAIN] Acc: 99.974
2019-12-18 02:02:31: [TEST] Acc: 93.470
2019-12-18 02:02:32: Epoch: 139
2019-12-18 02:02:43: [TRAIN] Acc: 99.984
2019-12-18 02:02:44: [TEST] Acc: 93.380
2019-12-18 02:02:44: Epoch: 140
2019-12-18 02:02:55: [TRAIN] Acc: 99.978
2019-12-18 02:02:56: [TEST] Acc: 93.410
2019-12-18 02:02:56: Epoch: 141
2019-12-18 02:03:07: [TRAIN] Acc: 99.986
2019-12-18 02:03:08: [TEST] Acc: 93.360
2019-12-18 02:03:09: Epoch: 142
2019-12-18 02:03:20: [TRAIN] Acc: 99.978
2019-12-18 02:03:21: [TEST] Acc: 93.430
2019-12-18 02:03:22: Epoch: 143
2019-12-18 02:03:34: [TRAIN] Acc: 99.978
2019-12-18 02:03:35: [TEST] Acc: 93.420
2019-12-18 02:03:36: Epoch: 144
2019-12-18 02:03:47: [TRAIN] Acc: 99.984
2019-12-18 02:03:48: [TEST] Acc: 93.320
2019-12-18 02:03:49: Epoch: 145
2019-12-18 02:03:59: [TRAIN] Acc: 99.982
2019-12-18 02:04:01: [TEST] Acc: 93.350
2019-12-18 02:04:02: Epoch: 146
2019-12-18 02:04:12: [TRAIN] Acc: 99.976
2019-12-18 02:04:14: [TEST] Acc: 93.410
2019-12-18 02:04:15: Epoch: 147
2019-12-18 02:04:25: [TRAIN] Acc: 99.982
2019-12-18 02:04:27: [TEST] Acc: 93.390
2019-12-18 02:04:27: Epoch: 148
2019-12-18 02:04:38: [TRAIN] Acc: 99.984
2019-12-18 02:04:39: [TEST] Acc: 93.410
2019-12-18 02:04:39: Epoch: 149
2019-12-18 02:04:50: [TRAIN] Acc: 99.988
2019-12-18 02:04:51: [TEST] Acc: 93.480
2019-12-18 02:04:53: Epoch: 150
2019-12-18 02:05:03: [TRAIN] Acc: 99.988
2019-12-18 02:05:04: [TEST] Acc: 93.420
2019-12-18 02:05:05: Epoch: 151
2019-12-18 02:05:16: [TRAIN] Acc: 99.982
2019-12-18 02:05:17: [TEST] Acc: 93.420
2019-12-18 02:05:18: Epoch: 152
2019-12-18 02:05:28: [TRAIN] Acc: 99.978
2019-12-18 02:05:30: [TEST] Acc: 93.380
2019-12-18 02:05:30: Epoch: 153
2019-12-18 02:05:40: [TRAIN] Acc: 99.988
2019-12-18 02:05:42: [TEST] Acc: 93.440
2019-12-18 02:05:42: Epoch: 154
2019-12-18 02:05:53: [TRAIN] Acc: 99.982
2019-12-18 02:05:54: [TEST] Acc: 93.420
2019-12-18 02:05:55: Epoch: 155
2019-12-18 02:06:28: [TRAIN] Acc: 99.986
2019-12-18 02:06:31: [TEST] Acc: 93.300
2019-12-18 02:06:32: Epoch: 156
2019-12-18 02:06:42: [TRAIN] Acc: 99.978
2019-12-18 02:06:43: [TEST] Acc: 93.440
2019-12-18 02:06:44: Epoch: 157
2019-12-18 02:06:54: [TRAIN] Acc: 99.988
2019-12-18 02:06:56: [TEST] Acc: 93.380
2019-12-18 02:06:56: Epoch: 158
2019-12-18 02:07:06: [TRAIN] Acc: 99.986
2019-12-18 02:07:08: [TEST] Acc: 93.410
2019-12-18 02:07:08: Epoch: 159
2019-12-18 02:07:19: [TRAIN] Acc: 99.984
2019-12-18 02:07:20: [TEST] Acc: 93.390
2019-12-18 02:07:21: Epoch: 160
2019-12-18 02:07:31: [TRAIN] Acc: 99.992
2019-12-18 02:07:33: [TEST] Acc: 93.350
2019-12-18 02:07:33: Epoch: 161
2019-12-18 02:07:44: [TRAIN] Acc: 99.984
2019-12-18 02:07:45: [TEST] Acc: 93.350
2019-12-18 02:07:46: Epoch: 162
2019-12-18 02:07:56: [TRAIN] Acc: 99.994
2019-12-18 02:07:57: [TEST] Acc: 93.440
2019-12-18 02:07:58: Epoch: 163
2019-12-18 02:08:09: [TRAIN] Acc: 99.984
2019-12-18 02:08:10: [TEST] Acc: 93.380
2019-12-18 02:08:10: Epoch: 164
2019-12-18 02:08:21: [TRAIN] Acc: 99.984
2019-12-18 02:08:22: [TEST] Acc: 93.420
2019-12-18 02:08:23: Epoch: 165
2019-12-18 02:08:33: [TRAIN] Acc: 99.984
2019-12-18 02:08:35: [TEST] Acc: 93.440
2019-12-18 02:08:35: Epoch: 166
2019-12-18 02:08:46: [TRAIN] Acc: 99.982
2019-12-18 02:08:47: [TEST] Acc: 93.340
2019-12-18 02:08:47: Epoch: 167
2019-12-18 02:08:58: [TRAIN] Acc: 99.990
2019-12-18 02:08:59: [TEST] Acc: 93.430
2019-12-18 02:09:00: Epoch: 168
2019-12-18 02:09:11: [TRAIN] Acc: 99.984
2019-12-18 02:09:12: [TEST] Acc: 93.450
2019-12-18 02:09:13: Epoch: 169
2019-12-18 02:09:23: [TRAIN] Acc: 99.988
2019-12-18 02:09:24: [TEST] Acc: 93.430
2019-12-18 02:09:25: Epoch: 170
2019-12-18 02:09:36: [TRAIN] Acc: 99.988
2019-12-18 02:09:37: [TEST] Acc: 93.400
2019-12-18 02:09:38: Epoch: 171
2019-12-18 02:09:48: [TRAIN] Acc: 99.982
2019-12-18 02:09:49: [TEST] Acc: 93.470
2019-12-18 02:09:50: Epoch: 172
2019-12-18 02:10:01: [TRAIN] Acc: 99.992
2019-12-18 02:10:02: [TEST] Acc: 93.480
2019-12-18 02:10:03: Epoch: 173
2019-12-18 02:10:13: [TRAIN] Acc: 99.986
2019-12-18 02:10:15: [TEST] Acc: 93.370
2019-12-18 02:10:15: Epoch: 174
2019-12-18 02:10:26: [TRAIN] Acc: 99.990
2019-12-18 02:10:27: [TEST] Acc: 93.370
2019-12-18 02:10:28: Epoch: 175
2019-12-18 02:10:39: [TRAIN] Acc: 99.980
2019-12-18 02:10:40: [TEST] Acc: 93.390
2019-12-18 02:10:40: Epoch: 176
2019-12-18 02:10:51: [TRAIN] Acc: 99.982
2019-12-18 02:10:52: [TEST] Acc: 93.390
2019-12-18 02:10:53: Epoch: 177
2019-12-18 02:11:03: [TRAIN] Acc: 99.990
2019-12-18 02:11:16: [TEST] Acc: 93.380
2019-12-18 02:11:23: Epoch: 178
2019-12-18 02:11:33: [TRAIN] Acc: 99.984
2019-12-18 02:11:34: [TEST] Acc: 93.480
2019-12-18 02:11:35: Epoch: 179
2019-12-18 02:11:45: [TRAIN] Acc: 99.972
2019-12-18 02:11:47: [TEST] Acc: 93.330
2019-12-18 02:11:47: Epoch: 180
2019-12-18 02:11:58: [TRAIN] Acc: 99.992
2019-12-18 02:11:59: [TEST] Acc: 93.340
2019-12-18 02:11:59: Epoch: 181
2019-12-18 02:12:10: [TRAIN] Acc: 99.998
2019-12-18 02:12:11: [TEST] Acc: 93.410
2019-12-18 02:12:12: Epoch: 182
2019-12-18 02:12:22: [TRAIN] Acc: 99.996
2019-12-18 02:12:24: [TEST] Acc: 93.330
2019-12-18 02:12:25: Epoch: 183
2019-12-18 02:12:35: [TRAIN] Acc: 99.996
2019-12-18 02:12:37: [TEST] Acc: 93.450
2019-12-18 02:12:37: Epoch: 184
2019-12-18 02:12:48: [TRAIN] Acc: 99.976
2019-12-18 02:12:49: [TEST] Acc: 93.300
2019-12-18 02:12:49: Epoch: 185
2019-12-18 02:13:00: [TRAIN] Acc: 99.992
2019-12-18 02:13:01: [TEST] Acc: 93.410
2019-12-18 02:13:46: Epoch: 186
2019-12-18 02:13:56: [TRAIN] Acc: 99.984
2019-12-18 02:13:57: [TEST] Acc: 93.380
2019-12-18 02:13:58: Epoch: 187
2019-12-18 02:14:09: [TRAIN] Acc: 99.980
2019-12-18 02:14:11: [TEST] Acc: 93.450
2019-12-18 02:14:11: Epoch: 188
2019-12-18 02:14:23: [TRAIN] Acc: 99.990
2019-12-18 02:14:24: [TEST] Acc: 93.370
2019-12-18 02:14:24: Epoch: 189
2019-12-18 02:14:35: [TRAIN] Acc: 99.988
2019-12-18 02:14:37: [TEST] Acc: 93.350
2019-12-18 02:14:37: Epoch: 190
2019-12-18 02:14:48: [TRAIN] Acc: 99.988
2019-12-18 02:14:49: [TEST] Acc: 93.380
2019-12-18 02:14:50: Epoch: 191
2019-12-18 02:15:01: [TRAIN] Acc: 99.984
2019-12-18 02:15:02: [TEST] Acc: 93.430
2019-12-18 02:15:03: Epoch: 192
2019-12-18 02:15:14: [TRAIN] Acc: 99.992
2019-12-18 02:15:15: [TEST] Acc: 93.430
2019-12-18 02:15:15: Epoch: 193
2019-12-18 02:15:26: [TRAIN] Acc: 99.984
2019-12-18 02:15:28: [TEST] Acc: 93.460
2019-12-18 02:15:28: Epoch: 194
2019-12-18 02:15:39: [TRAIN] Acc: 99.990
2019-12-18 02:15:41: [TEST] Acc: 93.280
2019-12-18 02:15:41: Epoch: 195
2019-12-18 02:15:52: [TRAIN] Acc: 99.980
2019-12-18 02:15:54: [TEST] Acc: 93.300
2019-12-18 02:15:55: Epoch: 196
2019-12-18 02:16:05: [TRAIN] Acc: 99.982
2019-12-18 02:16:07: [TEST] Acc: 93.340
2019-12-18 02:16:07: Epoch: 197
2019-12-18 02:16:19: [TRAIN] Acc: 99.992
2019-12-18 02:16:20: [TEST] Acc: 93.330
2019-12-18 02:16:21: Epoch: 198
2019-12-18 02:16:32: [TRAIN] Acc: 99.988
2019-12-18 02:16:33: [TEST] Acc: 93.370
2019-12-18 02:16:34: Epoch: 199
2019-12-18 02:16:45: [TRAIN] Acc: 99.986
2019-12-18 02:16:46: [TEST] Acc: 93.400
